This is pdfTeX, Version 3.1415926-1.40.11 (MiKTeX 2.9) (preloaded format=pdflatex 2012.1.9)  27 JUN 2012 16:11
entering extended mode
**Bunch_FUSION12_VRPFTrackingModels.tex

(D:\pb404\Research\VariableRateAlgorithms\FUSION_paper\presentation\Bunch_FUSIO
N12_VRPFTrackingModels.tex
LaTeX2e <2009/09/24>
Babel <v3.8l> and hyphenation patterns for english, afrikaans, ancientgreek, ar
abic, armenian, assamese, basque, bengali, bokmal, bulgarian, catalan, coptic, 
croatian, czech, danish, dutch, esperanto, estonian, farsi, finnish, french, ga
lician, german, german-x-2009-06-19, greek, gujarati, hindi, hungarian, iceland
ic, indonesian, interlingua, irish, italian, kannada, kurmanji, lao, latin, lat
vian, lithuanian, malayalam, marathi, mongolian, mongolianlmc, monogreek, ngerm
an, ngerman-x-2009-06-19, nynorsk, oriya, panjabi, pinyin, polish, portuguese, 
romanian, russian, sanskrit, serbian, slovak, slovenian, spanish, swedish, swis
sgerman, tamil, telugu, turkish, turkmen, ukenglish, ukrainian, uppersorbian, u
senglishmax, welsh, loaded.
("C:\Program Files (x86)\MiKTeX 2.9\tex\latex\beamer\base\beamer.cls"
("C:\Program Files (x86)\MiKTeX 2.9\tex\latex\beamer\base\beamerbasercs.sty"
Package: beamerbasercs 2010/06/12 (rcs-revision c3821710bb40)
)
Document Class: beamer 2010/06/21 development version 3.10 A class for typesett
ing presentations (rcs-revision a6b1a8434d30)
("C:\Program Files (x86)\MiKTeX 2.9\tex\latex\beamer\base\beamerbasemodes.sty"
Package: beamerbasemodes 2010/05/01 (rcs-revision efa082c6111d)
\beamer@tempbox=\box26
\beamer@tempcount=\count79
\c@beamerpauses=\count80

("C:\Program Files (x86)\MiKTeX 2.9\tex\latex\beamer\base\beamerbasedecode.sty"
Package: beamerbasedecode 2010/05/01 (rcs-revision efa082c6111d)
\beamer@slideinframe=\count81
\beamer@minimum=\count82
)
\beamer@commentbox=\box27
\beamer@modecount=\count83
)
\headheight=\dimen102
\headdp=\dimen103
\footheight=\dimen104
\sidebarheight=\dimen105
\beamer@tempdim=\dimen106
\beamer@finalheight=\dimen107
\beamer@animht=\dimen108
\beamer@animdp=\dimen109
\beamer@animwd=\dimen110
\beamer@leftmargin=\dimen111
\beamer@rightmargin=\dimen112
\beamer@leftsidebar=\dimen113
\beamer@rightsidebar=\dimen114
\beamer@boxsize=\dimen115
\beamer@vboxoffset=\dimen116
\beamer@descdefault=\dimen117
\beamer@descriptionwidth=\dimen118
\beamer@lastskip=\skip41
\beamer@areabox=\box28
\beamer@animcurrent=\box29
\beamer@animshowbox=\box30
\beamer@sectionbox=\box31
\beamer@logobox=\box32
\beamer@linebox=\box33
\beamer@sectioncount=\count84
\beamer@subsubsectionmax=\count85
\beamer@subsectionmax=\count86
\beamer@sectionmax=\count87
\beamer@totalheads=\count88
\beamer@headcounter=\count89
\beamer@partstartpage=\count90
\beamer@sectionstartpage=\count91
\beamer@subsectionstartpage=\count92
\beamer@animationtempa=\count93
\beamer@animationtempb=\count94
\beamer@xpos=\count95
\beamer@ypos=\count96
\beamer@showpartnumber=\count97
\beamer@currentsubsection=\count98
\beamer@coveringdepth=\count99
\beamer@sectionadjust=\count100
\beamer@tocsectionnumber=\count101

("C:\Program Files (x86)\MiKTeX 2.9\tex\latex\beamer\base\beamerbaseoptions.sty
"
Package: beamerbaseoptions 2010/04/27 (rcs-revision 982469101dd6)
 ("C:\Program Files (x86)\MiKTeX 2.9\tex\latex\graphics\keyval.sty"
Package: keyval 1999/03/16 v1.13 key=value parser (DPC)
\KV@toks@=\toks14
))
\beamer@paperwidth=\skip42
\beamer@paperheight=\skip43

("C:\Program Files (x86)\MiKTeX 2.9\tex\latex\geometry\geometry.sty"
Package: geometry 2010/09/12 v5.6 Page Geometry

("C:\Program Files (x86)\MiKTeX 2.9\tex\generic\oberdiek\ifpdf.sty"
Package: ifpdf 2010/01/28 v2.1 Provides the ifpdf switch (HO)
Package ifpdf Info: pdfTeX in pdf mode detected.
)
("C:\Program Files (x86)\MiKTeX 2.9\tex\generic\oberdiek\ifvtex.sty"
Package: ifvtex 2010/03/01 v1.5 Switches for detecting VTeX and its modes (HO)
Package ifvtex Info: VTeX not detected.
)
("C:\Program Files (x86)\MiKTeX 2.9\tex\generic\ifxetex\ifxetex.sty"
Package: ifxetex 2010/09/12 v0.6 Provides ifxetex conditional
)
\Gm@cnth=\count102
\Gm@cntv=\count103
\c@Gm@tempcnt=\count104
\Gm@bindingoffset=\dimen119
\Gm@wd@mp=\dimen120
\Gm@odd@mp=\dimen121
\Gm@even@mp=\dimen122
\Gm@layoutwidth=\dimen123
\Gm@layoutheight=\dimen124
\Gm@layouthoffset=\dimen125
\Gm@layoutvoffset=\dimen126
\Gm@dimlist=\toks15

("C:\Program Files (x86)\MiKTeX 2.9\tex\latex\geometry\geometry.cfg"))
("C:\Program Files (x86)\MiKTeX 2.9\tex\latex\base\size11.clo"
File: size11.clo 2007/10/19 v1.4h Standard LaTeX file (size option)
)
("C:\Program Files (x86)\MiKTeX 2.9\tex\latex\pgf\basiclayer\pgfcore.sty"
("C:\Program Files (x86)\MiKTeX 2.9\tex\latex\graphics\graphicx.sty"
Package: graphicx 1999/02/16 v1.0f Enhanced LaTeX Graphics (DPC,SPQR)

("C:\Program Files (x86)\MiKTeX 2.9\tex\latex\graphics\graphics.sty"
Package: graphics 2009/02/05 v1.0o Standard LaTeX Graphics (DPC,SPQR)

("C:\Program Files (x86)\MiKTeX 2.9\tex\latex\graphics\trig.sty"
Package: trig 1999/03/16 v1.09 sin cos tan (DPC)
)
("C:\Program Files (x86)\MiKTeX 2.9\tex\latex\00miktex\graphics.cfg"
File: graphics.cfg 2007/01/18 v1.5 graphics configuration of teTeX/TeXLive
)
Package graphics Info: Driver file: pdftex.def on input line 91.

("C:\Program Files (x86)\MiKTeX 2.9\tex\latex\pdftex-def\pdftex.def"
File: pdftex.def 2010/09/14 v0.05b Graphics/color for pdfTeX
\Gread@gobject=\count105
))
\Gin@req@height=\dimen127
\Gin@req@width=\dimen128
)
("C:\Program Files (x86)\MiKTeX 2.9\tex\latex\pgf\systemlayer\pgfsys.sty"
("C:\Program Files (x86)\MiKTeX 2.9\tex\latex\pgf\utilities\pgfrcs.sty"
("C:\Program Files (x86)\MiKTeX 2.9\tex\generic\pgf\utilities\pgfutil-common.te
x"
\pgfutil@everybye=\toks16
)
("C:\Program Files (x86)\MiKTeX 2.9\tex\generic\pgf\utilities\pgfutil-latex.def
"
\pgfutil@abb=\box34
 ("C:\Program Files (x86)\MiKTeX 2.9\tex\latex\ms\everyshi.sty"
Package: everyshi 2001/05/15 v3.00 EveryShipout Package (MS)
))
("C:\Program Files (x86)\MiKTeX 2.9\tex\generic\pgf\utilities\pgfrcs.code.tex"
Package: pgfrcs 2010/10/25 v2.10 (rcs-revision 1.24)
))
("C:\Program Files (x86)\MiKTeX 2.9\tex\generic\pgf\systemlayer\pgfsys.code.tex
"
Package: pgfsys 2010/06/30 v2.10 (rcs-revision 1.37)
 ("C:\Program Files (x86)\MiKTeX 2.9\tex\generic\pgf\utilities\pgfkeys.code.tex
"
\pgfkeys@pathtoks=\toks17
\pgfkeys@temptoks=\toks18

("C:\Program Files (x86)\MiKTeX 2.9\tex\generic\pgf\utilities\pgfkeysfiltered.c
ode.tex"
\pgfkeys@tmptoks=\toks19
))
\pgf@x=\dimen129
\pgf@y=\dimen130
\pgf@xa=\dimen131
\pgf@ya=\dimen132
\pgf@xb=\dimen133
\pgf@yb=\dimen134
\pgf@xc=\dimen135
\pgf@yc=\dimen136
\w@pgf@writea=\write3
\r@pgf@reada=\read1
\c@pgf@counta=\count106
\c@pgf@countb=\count107
\c@pgf@countc=\count108
\c@pgf@countd=\count109

("C:\Program Files (x86)\MiKTeX 2.9\tex\generic\pgf\systemlayer\pgf.cfg"
File: pgf.cfg 2008/05/14  (rcs-revision 1.7)
)
Package pgfsys Info: Driver file for pgf: pgfsys-pdftex.def on input line 900.

("C:\Program Files (x86)\MiKTeX 2.9\tex\generic\pgf\systemlayer\pgfsys-pdftex.d
ef"
File: pgfsys-pdftex.def 2009/05/22  (rcs-revision 1.26)

("C:\Program Files (x86)\MiKTeX 2.9\tex\generic\pgf\systemlayer\pgfsys-common-p
df.def"
File: pgfsys-common-pdf.def 2008/05/19  (rcs-revision 1.10)
)))
("C:\Program Files (x86)\MiKTeX 2.9\tex\generic\pgf\systemlayer\pgfsyssoftpath.
code.tex"
File: pgfsyssoftpath.code.tex 2008/07/18  (rcs-revision 1.7)
\pgfsyssoftpath@smallbuffer@items=\count110
\pgfsyssoftpath@bigbuffer@items=\count111
)
("C:\Program Files (x86)\MiKTeX 2.9\tex\generic\pgf\systemlayer\pgfsysprotocol.
code.tex"
File: pgfsysprotocol.code.tex 2006/10/16  (rcs-revision 1.4)
)) ("C:\Program Files (x86)\MiKTeX 2.9\tex\latex\xcolor\xcolor.sty"
Package: xcolor 2007/01/21 v2.11 LaTeX color extensions (UK)

("C:\Program Files (x86)\MiKTeX 2.9\tex\latex\00miktex\color.cfg"
File: color.cfg 2007/01/18 v1.5 color configuration of teTeX/TeXLive
)
Package xcolor Info: Driver file: pdftex.def on input line 225.
Package xcolor Info: Model `cmy' substituted by `cmy0' on input line 1337.
Package xcolor Info: Model `hsb' substituted by `rgb' on input line 1341.
Package xcolor Info: Model `RGB' extended on input line 1353.
Package xcolor Info: Model `HTML' substituted by `rgb' on input line 1355.
Package xcolor Info: Model `Hsb' substituted by `hsb' on input line 1356.
Package xcolor Info: Model `tHsb' substituted by `hsb' on input line 1357.
Package xcolor Info: Model `HSB' substituted by `hsb' on input line 1358.
Package xcolor Info: Model `Gray' substituted by `gray' on input line 1359.
Package xcolor Info: Model `wave' substituted by `hsb' on input line 1360.
)
("C:\Program Files (x86)\MiKTeX 2.9\tex\generic\pgf\basiclayer\pgfcore.code.tex
"
Package: pgfcore 2010/04/11 v2.10 (rcs-revision 1.7)
 ("C:\Program Files (x86)\MiKTeX 2.9\tex\generic\pgf\math\pgfmath.code.tex"
("C:\Program Files (x86)\MiKTeX 2.9\tex\generic\pgf\math\pgfmathcalc.code.tex"
("C:\Program Files (x86)\MiKTeX 2.9\tex\generic\pgf\math\pgfmathutil.code.tex")
("C:\Program Files (x86)\MiKTeX 2.9\tex\generic\pgf\math\pgfmathparser.code.tex
"
\pgfmath@dimen=\dimen137
\pgfmath@count=\count112
\pgfmath@box=\box35
\pgfmath@toks=\toks20
\pgfmath@stack@operand=\toks21
\pgfmath@stack@operation=\toks22
)
("C:\Program Files (x86)\MiKTeX 2.9\tex\generic\pgf\math\pgfmathfunctions.code.
tex"
("C:\Program Files (x86)\MiKTeX 2.9\tex\generic\pgf\math\pgfmathfunctions.basic
.code.tex")
("C:\Program Files (x86)\MiKTeX 2.9\tex\generic\pgf\math\pgfmathfunctions.trigo
nometric.code.tex")
("C:\Program Files (x86)\MiKTeX 2.9\tex\generic\pgf\math\pgfmathfunctions.rando
m.code.tex")
("C:\Program Files (x86)\MiKTeX 2.9\tex\generic\pgf\math\pgfmathfunctions.compa
rison.code.tex")
("C:\Program Files (x86)\MiKTeX 2.9\tex\generic\pgf\math\pgfmathfunctions.base.
code.tex")
("C:\Program Files (x86)\MiKTeX 2.9\tex\generic\pgf\math\pgfmathfunctions.round
.code.tex")
("C:\Program Files (x86)\MiKTeX 2.9\tex\generic\pgf\math\pgfmathfunctions.misc.
code.tex")))
("C:\Program Files (x86)\MiKTeX 2.9\tex\generic\pgf\math\pgfmathfloat.code.tex"
\c@pgfmathroundto@lastzeros=\count113
))
("C:\Program Files (x86)\MiKTeX 2.9\tex\generic\pgf\basiclayer\pgfcorepoints.co
de.tex"
File: pgfcorepoints.code.tex 2010/04/09  (rcs-revision 1.20)
\pgf@picminx=\dimen138
\pgf@picmaxx=\dimen139
\pgf@picminy=\dimen140
\pgf@picmaxy=\dimen141
\pgf@pathminx=\dimen142
\pgf@pathmaxx=\dimen143
\pgf@pathminy=\dimen144
\pgf@pathmaxy=\dimen145
\pgf@xx=\dimen146
\pgf@xy=\dimen147
\pgf@yx=\dimen148
\pgf@yy=\dimen149
\pgf@zx=\dimen150
\pgf@zy=\dimen151
)
("C:\Program Files (x86)\MiKTeX 2.9\tex\generic\pgf\basiclayer\pgfcorepathconst
ruct.code.tex"
File: pgfcorepathconstruct.code.tex 2010/08/03  (rcs-revision 1.24)
\pgf@path@lastx=\dimen152
\pgf@path@lasty=\dimen153
)
("C:\Program Files (x86)\MiKTeX 2.9\tex\generic\pgf\basiclayer\pgfcorepathusage
.code.tex"
File: pgfcorepathusage.code.tex 2008/04/22  (rcs-revision 1.12)
\pgf@shorten@end@additional=\dimen154
\pgf@shorten@start@additional=\dimen155
)
("C:\Program Files (x86)\MiKTeX 2.9\tex\generic\pgf\basiclayer\pgfcorescopes.co
de.tex"
File: pgfcorescopes.code.tex 2010/09/08  (rcs-revision 1.34)
\pgfpic=\box36
\pgf@hbox=\box37
\pgf@layerbox@main=\box38
\pgf@picture@serial@count=\count114
)
("C:\Program Files (x86)\MiKTeX 2.9\tex\generic\pgf\basiclayer\pgfcoregraphicst
ate.code.tex"
File: pgfcoregraphicstate.code.tex 2008/04/22  (rcs-revision 1.9)
\pgflinewidth=\dimen156
)
("C:\Program Files (x86)\MiKTeX 2.9\tex\generic\pgf\basiclayer\pgfcoretransform
ations.code.tex"
File: pgfcoretransformations.code.tex 2009/06/10  (rcs-revision 1.11)
\pgf@pt@x=\dimen157
\pgf@pt@y=\dimen158
\pgf@pt@temp=\dimen159
)
("C:\Program Files (x86)\MiKTeX 2.9\tex\generic\pgf\basiclayer\pgfcorequick.cod
e.tex"
File: pgfcorequick.code.tex 2008/10/09  (rcs-revision 1.3)
)
("C:\Program Files (x86)\MiKTeX 2.9\tex\generic\pgf\basiclayer\pgfcoreobjects.c
ode.tex"
File: pgfcoreobjects.code.tex 2006/10/11  (rcs-revision 1.2)
)
("C:\Program Files (x86)\MiKTeX 2.9\tex\generic\pgf\basiclayer\pgfcorepathproce
ssing.code.tex"
File: pgfcorepathprocessing.code.tex 2008/10/09  (rcs-revision 1.8)
)
("C:\Program Files (x86)\MiKTeX 2.9\tex\generic\pgf\basiclayer\pgfcorearrows.co
de.tex"
File: pgfcorearrows.code.tex 2008/04/23  (rcs-revision 1.11)
)
("C:\Program Files (x86)\MiKTeX 2.9\tex\generic\pgf\basiclayer\pgfcoreshade.cod
e.tex"
File: pgfcoreshade.code.tex 2008/11/23  (rcs-revision 1.13)
\pgf@max=\dimen160
\pgf@sys@shading@range@num=\count115
)
("C:\Program Files (x86)\MiKTeX 2.9\tex\generic\pgf\basiclayer\pgfcoreimage.cod
e.tex"
File: pgfcoreimage.code.tex 2010/03/25  (rcs-revision 1.16)

("C:\Program Files (x86)\MiKTeX 2.9\tex\generic\pgf\basiclayer\pgfcoreexternal.
code.tex"
File: pgfcoreexternal.code.tex 2010/09/01  (rcs-revision 1.17)
\pgfexternal@startupbox=\box39
))
("C:\Program Files (x86)\MiKTeX 2.9\tex\generic\pgf\basiclayer\pgfcorelayers.co
de.tex"
File: pgfcorelayers.code.tex 2010/08/27  (rcs-revision 1.2)
)
("C:\Program Files (x86)\MiKTeX 2.9\tex\generic\pgf\basiclayer\pgfcoretranspare
ncy.code.tex"
File: pgfcoretransparency.code.tex 2008/01/17  (rcs-revision 1.2)
)
("C:\Program Files (x86)\MiKTeX 2.9\tex\generic\pgf\basiclayer\pgfcorepatterns.
code.tex"
File: pgfcorepatterns.code.tex 2009/07/02  (rcs-revision 1.3)
)))
("C:\Program Files (x86)\MiKTeX 2.9\tex\latex\pgf\utilities\xxcolor.sty"
Package: xxcolor 2003/10/24 ver 0.1
\XC@nummixins=\count116
\XC@countmixins=\count117
)
("C:\Program Files (x86)\MiKTeX 2.9\tex\latex\hyperref\hyperref.sty"
Package: hyperref 2010/10/30 v6.81t Hypertext links for LaTeX

("C:\Program Files (x86)\MiKTeX 2.9\tex\generic\oberdiek\ltxcmds.sty"
Package: ltxcmds 2010/04/26 v1.7 LaTeX kernel commands for general use (HO)
)
("C:\Program Files (x86)\MiKTeX 2.9\tex\generic\oberdiek\infwarerr.sty"
Package: infwarerr 2010/04/08 v1.3 Providing info/warning/message (HO)
)
("C:\Program Files (x86)\MiKTeX 2.9\tex\generic\oberdiek\kvsetkeys.sty"
Package: kvsetkeys 2010/03/01 v1.9 Key value parser (HO)

("C:\Program Files (x86)\MiKTeX 2.9\tex\generic\oberdiek\etexcmds.sty"
Package: etexcmds 2010/01/28 v1.3 Prefix for e-TeX command names (HO)
Package etexcmds Info: Could not find \expanded.
(etexcmds)             That can mean that you are not using pdfTeX 1.50 or
(etexcmds)             that some package has redefined \expanded.
(etexcmds)             In the latter case, load this package earlier.
))
("C:\Program Files (x86)\MiKTeX 2.9\tex\generic\oberdiek\pdfescape.sty"
Package: pdfescape 2010/03/01 v1.9 Provides hex, PDF name and string conversion
s (HO)

("C:\Program Files (x86)\MiKTeX 2.9\tex\generic\oberdiek\pdftexcmds.sty"
Package: pdftexcmds 2010/04/01 v0.9 Utility functions of pdfTeX for LuaTeX (HO)


("C:\Program Files (x86)\MiKTeX 2.9\tex\generic\oberdiek\ifluatex.sty"
Package: ifluatex 2010/03/01 v1.3 Provides the ifluatex switch (HO)
Package ifluatex Info: LuaTeX not detected.
)
Package pdftexcmds Info: LuaTeX not detected.
Package pdftexcmds Info: \pdf@primitive is available.
Package pdftexcmds Info: \pdf@ifprimitive is available.
))
("C:\Program Files (x86)\MiKTeX 2.9\tex\latex\oberdiek\hycolor.sty"
Package: hycolor 2009/12/12 v1.6 Color options of hyperref/bookmark (HO)

("C:\Program Files (x86)\MiKTeX 2.9\tex\latex\oberdiek\xcolor-patch.sty"
Package: xcolor-patch 2009/12/12 xcolor patch
))
("C:\Program Files (x86)\MiKTeX 2.9\tex\latex\oberdiek\letltxmacro.sty"
Package: letltxmacro 2008/06/24 v1.3 Let assignment for LaTeX macros (HO)
)
("C:\Program Files (x86)\MiKTeX 2.9\tex\latex\oberdiek\kvoptions.sty"
Package: kvoptions 2010/02/22 v3.7 Keyval support for LaTeX options (HO)
)
\@linkdim=\dimen161
\Hy@linkcounter=\count118
\Hy@pagecounter=\count119

("C:\Program Files (x86)\MiKTeX 2.9\tex\latex\hyperref\pd1enc.def"
File: pd1enc.def 2010/10/30 v6.81t Hyperref: PDFDocEncoding definition (HO)
)
("C:\Program Files (x86)\MiKTeX 2.9\tex\generic\oberdiek\intcalc.sty"
Package: intcalc 2007/09/27 v1.1 Expandable integer calculations (HO)
)
\Hy@SavedSpaceFactor=\count120

("C:\Program Files (x86)\MiKTeX 2.9\tex\latex\00miktex\hyperref.cfg"
File: hyperref.cfg 2002/06/06 v1.2 hyperref configuration of TeXLive
)
Package hyperref Info: Option `bookmarks' set `true' on input line 3872.
Package hyperref Info: Option `bookmarksopen' set `true' on input line 3872.
Package hyperref Info: Option `implicit' set `false' on input line 3872.
Package hyperref Info: Hyper figures OFF on input line 3976.
Package hyperref Info: Link nesting OFF on input line 3981.
Package hyperref Info: Hyper index ON on input line 3984.
Package hyperref Info: Plain pages OFF on input line 3991.
Package hyperref Info: Backreferencing OFF on input line 3996.
Package hyperref Info: Implicit mode OFF; no redefinition of LaTeX internals.
Package hyperref Info: Bookmarks ON on input line 4211.
\c@Hy@tempcnt=\count121

("C:\Program Files (x86)\MiKTeX 2.9\tex\latex\ltxmisc\url.sty"
\Urlmuskip=\muskip10
Package: url 2006/04/12  ver 3.3  Verb mode for urls, etc.
)
LaTeX Info: Redefining \url on input line 4566.

("C:\Program Files (x86)\MiKTeX 2.9\tex\generic\oberdiek\bitset.sty"
Package: bitset 2007/09/28 v1.0 Data type bit set (HO)

("C:\Program Files (x86)\MiKTeX 2.9\tex\generic\oberdiek\bigintcalc.sty"
Package: bigintcalc 2007/11/11 v1.1 Expandable big integer calculations (HO)
))
\Fld@menulength=\count122
\Field@Width=\dimen162
\Fld@charsize=\dimen163
Package hyperref Info: Hyper figures OFF on input line 5626.
Package hyperref Info: Link nesting OFF on input line 5631.
Package hyperref Info: Hyper index ON on input line 5634.
Package hyperref Info: backreferencing OFF on input line 5641.
Package hyperref Info: Link coloring OFF on input line 5646.
Package hyperref Info: Link coloring with OCG OFF on input line 5651.
Package hyperref Info: PDF/A mode OFF on input line 5656.
LaTeX Info: Redefining \ref on input line 5696.
LaTeX Info: Redefining \pageref on input line 5700.

("C:\Program Files (x86)\MiKTeX 2.9\tex\generic\oberdiek\atbegshi.sty"
Package: atbegshi 2010/03/25 v1.12 At begin shipout hook (HO)
)
\Hy@abspage=\count123


Package hyperref Message: Stopped early.

)

Package hyperref Message: Driver (autodetected): hpdftex.

("C:\Program Files (x86)\MiKTeX 2.9\tex\latex\hyperref\hpdftex.def"
File: hpdftex.def 2010/10/30 v6.81t Hyperref driver for pdfTeX

("C:\Program Files (x86)\MiKTeX 2.9\tex\latex\oberdiek\atveryend.sty"
Package: atveryend 2010/03/24 v1.5 Hooks at very end of document (HO)
Package atveryend Info: \enddocument detected (standard).
)
\Fld@listcount=\count124
\c@bookmark@seq@number=\count125

("C:\Program Files (x86)\MiKTeX 2.9\tex\latex\oberdiek\rerunfilecheck.sty"
Package: rerunfilecheck 2010/03/16 v1.6 Rerun checks for auxiliary files (HO)

("C:\Program Files (x86)\MiKTeX 2.9\tex\generic\oberdiek\uniquecounter.sty"
Package: uniquecounter 2009/12/18 v1.1 Provides unlimited unique counter (HO)
)
Package uniquecounter Info: New unique counter `rerunfilecheck' on input line 2
71.
))
("C:\Program Files (x86)\MiKTeX 2.9\tex\latex\beamer\base\beamerbaserequires.st
y"
Package: beamerbaserequires 2010/05/01  (rcs-revision efa082c6111d)

("C:\Program Files (x86)\MiKTeX 2.9\tex\latex\beamer\base\beamerbasecompatibili
ty.sty"
Package: beamerbasecompatibility 2010/07/12  (rcs-revision 6648c3177e4e)
)
("C:\Program Files (x86)\MiKTeX 2.9\tex\latex\beamer\base\beamerbasefont.sty"
Package: beamerbasefont 2010/05/10  (rcs-revision cd36e8a33c6b)

("C:\Program Files (x86)\MiKTeX 2.9\tex\latex\amsfonts\amssymb.sty"
Package: amssymb 2009/06/22 v3.00

("C:\Program Files (x86)\MiKTeX 2.9\tex\latex\amsfonts\amsfonts.sty"
Package: amsfonts 2009/06/22 v3.00 Basic AMSFonts support
\@emptytoks=\toks23
\symAMSa=\mathgroup4
\symAMSb=\mathgroup5
LaTeX Font Info:    Overwriting math alphabet `\mathfrak' in version `bold'
(Font)                  U/euf/m/n --> U/euf/b/n on input line 96.
)))
("C:\Program Files (x86)\MiKTeX 2.9\tex\latex\beamer\base\beamerbasetranslator.
sty"
Package: beamerbasetranslator 2010/06/11  (rcs-revision 85fd1cc7fc42)

("C:\Program Files (x86)\MiKTeX 2.9\tex\latex\beamer\base\translator\translator
.sty"
Package: translator 2010/06/12 ver 1.10

("C:\Program Files (x86)\MiKTeX 2.9\tex\latex\beamer\base\translator\translator
-language-mappings.tex")))
("C:\Program Files (x86)\MiKTeX 2.9\tex\latex\beamer\base\beamerbasemisc.sty"
Package: beamerbasemisc 2010/06/06  (rcs-revision bff0a9294b45)
)
("C:\Program Files (x86)\MiKTeX 2.9\tex\latex\beamer\base\beamerbasetwoscreens.
sty"
Package: beamerbasetwoscreens 2010/05/01  (rcs-revision efa082c6111d)
)
("C:\Program Files (x86)\MiKTeX 2.9\tex\latex\beamer\base\beamerbaseoverlay.sty
"
Package: beamerbaseoverlay 2010/05/07  (rcs-revision 5584dad462a9)
\beamer@argscount=\count126
\beamer@lastskipcover=\skip44
\beamer@trivlistdepth=\count127
) ("C:\Program Files (x86)\MiKTeX 2.9\tex\latex\beamer\base\beamerbasetitle.sty
"
Package: beamerbasetitle 2010/06/12  (rcs-revision 717e481ca47a)
)
("C:\Program Files (x86)\MiKTeX 2.9\tex\latex\beamer\base\beamerbasesection.sty
"
Package: beamerbasesection 2010/06/17  (rcs-revision e0d9401bb743)
\c@lecture=\count128
\c@part=\count129
\c@section=\count130
\c@subsection=\count131
\c@subsubsection=\count132
) ("C:\Program Files (x86)\MiKTeX 2.9\tex\latex\beamer\base\beamerbaseframe.sty
"
Package: beamerbaseframe 2010/06/06  (rcs-revision bff0a9294b45)
\beamer@framebox=\box40
\beamer@frametitlebox=\box41
\beamer@zoombox=\box42
\beamer@zoomcount=\count133
\beamer@zoomframecount=\count134
\beamer@frametextheight=\dimen164
\c@subsectionslide=\count135
\beamer@frametopskip=\skip45
\beamer@framebottomskip=\skip46
\beamer@frametopskipautobreak=\skip47
\beamer@framebottomskipautobreak=\skip48
\beamer@envbody=\toks24
\c@framenumber=\count136
)
("C:\Program Files (x86)\MiKTeX 2.9\tex\latex\beamer\base\beamerbaseverbatim.st
y"
Package: beamerbaseverbatim 2010/05/01  (rcs-revision efa082c6111d)
\beamer@verbatimfileout=\write4
)
("C:\Program Files (x86)\MiKTeX 2.9\tex\latex\beamer\base\beamerbaseframesize.s
ty"
Package: beamerbaseframesize 2010/06/27  (rcs-revision 6baa2d92e6f1)
\beamer@splitbox=\box43
\beamer@autobreakcount=\count137
\beamer@autobreaklastheight=\dimen165
\beamer@frametitletoks=\toks25
\beamer@framesubtitletoks=\toks26
)
("C:\Program Files (x86)\MiKTeX 2.9\tex\latex\beamer\base\beamerbaseframecompon
ents.sty"
Package: beamerbaseframecomponents 2010/07/12  (rcs-revision 09e82992d9b1)
\beamer@footins=\box44
)
("C:\Program Files (x86)\MiKTeX 2.9\tex\latex\beamer\base\beamerbasecolor.sty"
Package: beamerbasecolor 2010/06/06  (rcs-revision d1a9b48be06d)
) ("C:\Program Files (x86)\MiKTeX 2.9\tex\latex\beamer\base\beamerbasenotes.sty
"
Package: beamerbasenotes 2010/05/01  (rcs-revision efa082c6111d)
\beamer@frameboxcopy=\box45
) ("C:\Program Files (x86)\MiKTeX 2.9\tex\latex\beamer\base\beamerbasetoc.sty"
Package: beamerbasetoc 2010/06/11  (rcs-revision 242ecaa6783b)
)
("C:\Program Files (x86)\MiKTeX 2.9\tex\latex\beamer\base\beamerbasetemplates.s
ty"
Package: beamerbasetemplates 2010/05/01  (rcs-revision efa082c6111d)
\beamer@sbttoks=\toks27

("C:\Program Files (x86)\MiKTeX 2.9\tex\latex\beamer\base\beamerbaseauxtemplate
s.sty"
Package: beamerbaseauxtemplates 2010/05/01  (rcs-revision efa082c6111d)

("C:\Program Files (x86)\MiKTeX 2.9\tex\latex\beamer\base\beamerbaseboxes.sty"
Package: beamerbaseboxes 2010/05/01  (rcs-revision efa082c6111d)
\bmb@box=\box46
\bmb@colorbox=\box47
\bmb@boxshadow=\box48
\bmb@boxshadowball=\box49
\bmb@boxshadowballlarge=\box50
\bmb@temp=\dimen166
\bmb@dima=\dimen167
\bmb@dimb=\dimen168
\bmb@prevheight=\dimen169
)
\beamer@blockheadheight=\dimen170
))
("C:\Program Files (x86)\MiKTeX 2.9\tex\latex\beamer\base\beamerbaselocalstruct
ure.sty"
Package: beamerbaselocalstructure 2010/06/01  (rcs-revision 81f9e33f7cc2)
 ("C:\Program Files (x86)\MiKTeX 2.9\tex\latex\tools\enumerate.sty"
Package: enumerate 1999/03/05 v3.00 enumerate extensions (DPC)
\@enLab=\toks28
)
\c@figure=\count138
\c@table=\count139
\abovecaptionskip=\skip49
\belowcaptionskip=\skip50
)
("C:\Program Files (x86)\MiKTeX 2.9\tex\latex\beamer\base\beamerbasenavigation.
sty"
Package: beamerbasenavigation 2010/05/01  (rcs-revision efa082c6111d)
)
("C:\Program Files (x86)\MiKTeX 2.9\tex\latex\beamer\base\beamerbasetheorems.st
y"
Package: beamerbasetheorems 2010/06/06  (rcs-revision 7e7cc5e53e9d)
 ("C:\Program Files (x86)\MiKTeX 2.9\tex\latex\ams\math\amsmath.sty"
Package: amsmath 2000/07/18 v2.13 AMS math features
\@mathmargin=\skip51

For additional information on amsmath, use the `?' option.
("C:\Program Files (x86)\MiKTeX 2.9\tex\latex\ams\math\amstext.sty"
Package: amstext 2000/06/29 v2.01

("C:\Program Files (x86)\MiKTeX 2.9\tex\latex\ams\math\amsgen.sty"
File: amsgen.sty 1999/11/30 v2.0
\@emptytoks=\toks29
\ex@=\dimen171
))
("C:\Program Files (x86)\MiKTeX 2.9\tex\latex\ams\math\amsbsy.sty"
Package: amsbsy 1999/11/29 v1.2d
\pmbraise@=\dimen172
)
("C:\Program Files (x86)\MiKTeX 2.9\tex\latex\ams\math\amsopn.sty"
Package: amsopn 1999/12/14 v2.01 operator names
)
\inf@bad=\count140
LaTeX Info: Redefining \frac on input line 211.
\uproot@=\count141
\leftroot@=\count142
LaTeX Info: Redefining \overline on input line 307.
\classnum@=\count143
\DOTSCASE@=\count144
LaTeX Info: Redefining \ldots on input line 379.
LaTeX Info: Redefining \dots on input line 382.
LaTeX Info: Redefining \cdots on input line 467.
\Mathstrutbox@=\box51
\strutbox@=\box52
\big@size=\dimen173
LaTeX Font Info:    Redeclaring font encoding OML on input line 567.
LaTeX Font Info:    Redeclaring font encoding OMS on input line 568.
\macc@depth=\count145
\c@MaxMatrixCols=\count146
\dotsspace@=\muskip11
\c@parentequation=\count147
\dspbrk@lvl=\count148
\tag@help=\toks30
\row@=\count149
\column@=\count150
\maxfields@=\count151
\andhelp@=\toks31
\eqnshift@=\dimen174
\alignsep@=\dimen175
\tagshift@=\dimen176
\tagwidth@=\dimen177
\totwidth@=\dimen178
\lineht@=\dimen179
\@envbody=\toks32
\multlinegap=\skip52
\multlinetaggap=\skip53
\mathdisplay@stack=\toks33
LaTeX Info: Redefining \[ on input line 2666.
LaTeX Info: Redefining \] on input line 2667.
)
("C:\Program Files (x86)\MiKTeX 2.9\tex\latex\ams\classes\amsthm.sty"
Package: amsthm 2004/08/06 v2.20
\thm@style=\toks34
\thm@bodyfont=\toks35
\thm@headfont=\toks36
\thm@notefont=\toks37
\thm@headpunct=\toks38
\thm@preskip=\skip54
\thm@postskip=\skip55
\thm@headsep=\skip56
\dth@everypar=\toks39
)
\c@theorem=\count152
)
("C:\Program Files (x86)\MiKTeX 2.9\tex\latex\beamer\base\beamerbasethemes.sty"
Package: beamerbasethemes 2010/05/01  (rcs-revision efa082c6111d)
))
("C:\Program Files (x86)\MiKTeX 2.9\tex\latex\beamer\base\themes\theme\beamerth
emedefault.sty"
Package: beamerthemedefault 2010/06/17  (rcs-revision d02a7cf4d8ae)

("C:\Program Files (x86)\MiKTeX 2.9\tex\latex\beamer\base\themes\font\beamerfon
tthemedefault.sty"
Package: beamerfontthemedefault 2010/06/17  (rcs-revision d02a7cf4d8ae)
)
("C:\Program Files (x86)\MiKTeX 2.9\tex\latex\beamer\base\themes\color\beamerco
lorthemedefault.sty"
Package: beamercolorthemedefault 2010/06/17  (rcs-revision d02a7cf4d8ae)
)
("C:\Program Files (x86)\MiKTeX 2.9\tex\latex\beamer\base\themes\inner\beamerin
nerthemedefault.sty"
Package: beamerinnerthemedefault 2010/06/17  (rcs-revision d02a7cf4d8ae)
\beamer@dima=\dimen180
\beamer@dimb=\dimen181
)
("C:\Program Files (x86)\MiKTeX 2.9\tex\latex\beamer\base\themes\outer\beamerou
terthemedefault.sty"
Package: beamerouterthemedefault 2010/06/17  (rcs-revision d02a7cf4d8ae)
)))
("C:\Program Files (x86)\MiKTeX 2.9\tex\latex\beamer\base\themes\theme\beamerth
emeBoadilla.sty"
Package: beamerthemeBoadilla 2010/06/17  (rcs-revision d02a7cf4d8ae)

("C:\Program Files (x86)\MiKTeX 2.9\tex\latex\beamer\base\themes\color\beamerco
lorthemerose.sty"
Package: beamercolorthemerose 2010/06/17  (rcs-revision d02a7cf4d8ae)
)
("C:\Program Files (x86)\MiKTeX 2.9\tex\latex\beamer\base\themes\inner\beamerin
nerthemerounded.sty"
Package: beamerinnerthemerounded 2010/06/17  (rcs-revision d02a7cf4d8ae)
)
("C:\Program Files (x86)\MiKTeX 2.9\tex\latex\beamer\base\themes\color\beamerco
lorthemedolphin.sty"
Package: beamercolorthemedolphin 2010/06/17  (rcs-revision d02a7cf4d8ae)
)
("C:\Program Files (x86)\MiKTeX 2.9\tex\latex\beamer\base\themes\outer\beamerou
terthemeinfolines.sty"
Package: beamerouterthemeinfolines 2010/07/10  (rcs-revision 445340293dde)
))
("C:\Program Files (x86)\MiKTeX 2.9\tex\latex\IEEEtrantools\IEEEtrantools.sty"
Package: IEEEtrantools 2007/01/11 V1.2 by Michael Shell

-- See the "IEEEtrantools_doc.txt" manual for usage information.
-- http://www.michaelshell.org/tex/ieeetran/tools/
\@IEEEtrantmpdimenA=\dimen182
\@IEEEtrantmpdimenB=\dimen183
\@IEEEtrantmpcountA=\count153
\@IEEEtrantmpcountB=\count154
\@IEEEtrantmptoksA=\toks40
\IEEEnormaljot=\dimen184
\IEEEilabelindentA=\dimen185
\IEEEilabelindentB=\dimen186
\IEEEilabelindent=\dimen187
\IEEEelabelindent=\dimen188
\IEEEdlabelindent=\dimen189
\IEEElabelindent=\dimen190
\IEEEiednormlabelsep=\dimen191
\IEEEiedmathlabelsep=\dimen192
\IEEEiedtopsep=\skip57
\c@IEEEsubequation=\count155
\@IEEEeqnnumcols=\count156
\@IEEEeqncolcnt=\count157
\IEEEPARstartletwidth=\dimen193
) ("C:\Program Files (x86)\MiKTeX 2.9\tex\latex\subfig\subfig.sty"
Package: subfig 2005/06/28 ver: 1.3 subfig package

("C:\Program Files (x86)\MiKTeX 2.9\tex\latex\caption\caption.sty"
Package: caption 2010/01/09 v3.1m Customizing captions (AR)

("C:\Program Files (x86)\MiKTeX 2.9\tex\latex\caption\caption3.sty"
Package: caption3 2010/01/14 v3.1m caption3 kernel (AR)
\captionmargin=\dimen194
\captionmargin@=\dimen195
\captionwidth=\dimen196
\caption@indent=\dimen197
\caption@parindent=\dimen198
\caption@hangindent=\dimen199
)
\c@ContinuedFloat=\count158
Package caption Info: beamer document class.
Package caption Info: hyperref package is loaded.


Package caption Warning: Hyperref support is turned off
(caption)                because hyperref has stopped early.
See the caption package documentation for explanation.

)
\c@KVtest=\count159
\sf@farskip=\skip58
\sf@captopadj=\dimen200
\sf@capskip=\skip59
\sf@nearskip=\skip60
\c@subfigure=\count160
\c@subfigure@save=\count161
\c@depth=\count162
\c@subtable=\count163
\c@subtable@save=\count164
\sf@top=\skip61
\sf@bottom=\skip62
) ("C:\Program Files (x86)\MiKTeX 2.9\tex\latex\animate\animate.sty"
Package: animate 2010/09/28 PDF animations from files and inline graphics

("C:\Program Files (x86)\MiKTeX 2.9\tex\latex\base\ifthen.sty"
Package: ifthen 2001/05/26 v1.1c Standard LaTeX ifthen package (DPC)
)
("C:\Program Files (x86)\MiKTeX 2.9\tex\latex\oberdiek\ifdraft.sty"
Package: ifdraft 2008/08/11 v1.3 Switch for option draft (HO)
)
("C:\Program Files (x86)\MiKTeX 2.9\tex\latex\tools\calc.sty"
Package: calc 2007/08/22 v4.3 Infix arithmetic (KKT,FJ)
\calc@Acount=\count165
\calc@Bcount=\count166
\calc@Adimen=\dimen201
\calc@Bdimen=\dimen202
\calc@Askip=\skip63
\calc@Bskip=\skip64
LaTeX Info: Redefining \setlength on input line 76.
LaTeX Info: Redefining \addtolength on input line 77.
\calc@Ccount=\count167
\calc@Cskip=\skip65
)
("C:\Program Files (x86)\MiKTeX 2.9\tex\latex\animate\animfp.sty"
Package: animfp 2009/07/23 fixed point addition for animate.sty
\afp@xs=\count168
\afp@xia=\count169
\afp@xib=\count170
\afp@xfa=\count171
\afp@xfb=\count172
\afp@rega=\count173
\afp@regb=\count174
\afp@regs=\count175
)
("C:\Program Files (x86)\MiKTeX 2.9\tex\context\base\supp-pdf.mkii"
[Loading MPS to PDF converter (version 2006.09.02).]
\scratchcounter=\count176
\scratchdimen=\dimen203
\scratchbox=\box53
\nofMPsegments=\count177
\nofMParguments=\count178
\everyMPshowfont=\toks41
\MPscratchCnt=\count179
\MPscratchDim=\dimen204
\MPnumerator=\count180
\everyMPtoPDFconversion=\toks42
)
\@anim@@fields=\count181
\@anim@@ocgs=\count182
\@anim@@posterocgs=\count183
\@anim@box=\box54
\@anim@tmpdima=\dimen205
\@anim@tmpdimb=\dimen206
\@anim@num=\count184
\@anim@curframe=\count185
\@anim@curframe@zb=\count186
\@anim@resize=\count187
\@anim@skipfram=\count188
\@anim@mulframecnt=\count189
\@anim@@tmlnfile=\read2
\@anim@tmpcnt=\count190
\c@@anim@tmpcnt=\count191
\@anim@curlayer=\count192
\@anim@lineno=\count193
\@anim@begin=\toks43
\@anim@end=\toks44
)
(D:\pb404\Research\VariableRateAlgorithms\FUSION_paper\presentation\Bunch_FUSIO
N12_VRPFTrackingModels.aux)
LaTeX Font Info:    Checking defaults for OML/cmm/m/it on input line 18.
LaTeX Font Info:    ... okay on input line 18.
LaTeX Font Info:    Checking defaults for T1/cmr/m/n on input line 18.
LaTeX Font Info:    ... okay on input line 18.
LaTeX Font Info:    Checking defaults for OT1/cmr/m/n on input line 18.
LaTeX Font Info:    ... okay on input line 18.
LaTeX Font Info:    Checking defaults for OMS/cmsy/m/n on input line 18.
LaTeX Font Info:    ... okay on input line 18.
LaTeX Font Info:    Checking defaults for OMX/cmex/m/n on input line 18.
LaTeX Font Info:    ... okay on input line 18.
LaTeX Font Info:    Checking defaults for U/cmr/m/n on input line 18.
LaTeX Font Info:    ... okay on input line 18.
LaTeX Font Info:    Checking defaults for PD1/pdf/m/n on input line 18.
LaTeX Font Info:    ... okay on input line 18.

*geometry* driver: auto-detecting
*geometry* detected driver: pdftex
*geometry* verbose mode - [ preamble ] result:
* driver: pdftex
* paper: custom
* layout: <same size as paper>
* layoutoffset:(h,v)=(0.0pt,0.0pt)
* modes: includehead includefoot 
* h-part:(L,W,R)=(10.95003pt, 342.2953pt, 10.95003pt)
* v-part:(T,H,B)=(0.0pt, 273.14662pt, 0.0pt)
* \paperwidth=364.19536pt
* \paperheight=273.14662pt
* \textwidth=342.2953pt
* \textheight=244.6939pt
* \oddsidemargin=-61.31996pt
* \evensidemargin=-61.31996pt
* \topmargin=-72.26999pt
* \headheight=14.22636pt
* \headsep=0.0pt
* \topskip=11.0pt
* \footskip=14.22636pt
* \marginparwidth=4.0pt
* \marginparsep=10.0pt
* \columnsep=10.0pt
* \skip\footins=10.0pt plus 4.0pt minus 2.0pt
* \hoffset=0.0pt
* \voffset=0.0pt
* \mag=1000
* \@twocolumnfalse
* \@twosidefalse
* \@mparswitchfalse
* \@reversemarginfalse
* (1in=72.27pt=25.4mm, 1cm=28.453pt)

("C:\Program Files (x86)\MiKTeX 2.9\tex\context\base\supp-pdf.mkii"
[Loading MPS to PDF converter (version 2006.09.02).]
\scratchcounter=\count194
\scratchdimen=\dimen207
\scratchbox=\box55
\nofMPsegments=\count195
\nofMParguments=\count196
\everyMPshowfont=\toks45
\MPscratchCnt=\count197
\MPscratchDim=\dimen208
\MPnumerator=\count198
\everyMPtoPDFconversion=\toks46
) ABD: EveryShipout initializing macros
\AtBeginShipoutBox=\box56
Package hyperref Info: Link coloring OFF on input line 18.

("C:\Program Files (x86)\MiKTeX 2.9\tex\latex\hyperref\nameref.sty"
Package: nameref 2010/04/30 v2.40 Cross-referencing by name of section

("C:\Program Files (x86)\MiKTeX 2.9\tex\latex\oberdiek\refcount.sty"
Package: refcount 2008/08/11 v3.1 Data extraction from references (HO)
)
("C:\Program Files (x86)\MiKTeX 2.9\tex\generic\oberdiek\gettitlestring.sty"
Package: gettitlestring 2009/12/18 v1.3 Cleanup title references (HO)
)
\c@section@level=\count199
)
LaTeX Info: Redefining \ref on input line 18.
LaTeX Info: Redefining \pageref on input line 18.
LaTeX Info: Redefining \nameref on input line 18.

(D:\pb404\Research\VariableRateAlgorithms\FUSION_paper\presentation\Bunch_FUSIO
N12_VRPFTrackingModels.out)
(D:\pb404\Research\VariableRateAlgorithms\FUSION_paper\presentation\Bunch_FUSIO
N12_VRPFTrackingModels.out)
\@outlinefile=\write5
LaTeX Font Info:    Overwriting symbol font `operators' in version `normal'
(Font)                  OT1/cmr/m/n --> OT1/cmss/m/n on input line 18.
LaTeX Font Info:    Overwriting symbol font `operators' in version `bold'
(Font)                  OT1/cmr/bx/n --> OT1/cmss/bx/n on input line 18.
\symnumbers=\mathgroup6
\sympureletters=\mathgroup7
LaTeX Font Info:    Overwriting math alphabet `\mathrm' in version `normal'
(Font)                  OT1/cmss/m/n --> OT1/cmr/m/n on input line 18.
LaTeX Font Info:    Redeclaring math alphabet \mathbf on input line 18.
LaTeX Font Info:    Overwriting math alphabet `\mathbf' in version `normal'
(Font)                  OT1/cmr/bx/n --> OT1/cmss/bx/n on input line 18.
LaTeX Font Info:    Overwriting math alphabet `\mathbf' in version `bold'
(Font)                  OT1/cmr/bx/n --> OT1/cmss/bx/n on input line 18.
LaTeX Font Info:    Redeclaring math alphabet \mathsf on input line 18.
LaTeX Font Info:    Overwriting math alphabet `\mathsf' in version `normal'
(Font)                  OT1/cmss/m/n --> OT1/cmss/m/n on input line 18.
LaTeX Font Info:    Overwriting math alphabet `\mathsf' in version `bold'
(Font)                  OT1/cmss/bx/n --> OT1/cmss/m/n on input line 18.
LaTeX Font Info:    Redeclaring math alphabet \mathit on input line 18.
LaTeX Font Info:    Overwriting math alphabet `\mathit' in version `normal'
(Font)                  OT1/cmr/m/it --> OT1/cmss/m/it on input line 18.
LaTeX Font Info:    Overwriting math alphabet `\mathit' in version `bold'
(Font)                  OT1/cmr/bx/it --> OT1/cmss/m/it on input line 18.
LaTeX Font Info:    Redeclaring math alphabet \mathtt on input line 18.
LaTeX Font Info:    Overwriting math alphabet `\mathtt' in version `normal'
(Font)                  OT1/cmtt/m/n --> OT1/cmtt/m/n on input line 18.
LaTeX Font Info:    Overwriting math alphabet `\mathtt' in version `bold'
(Font)                  OT1/cmtt/m/n --> OT1/cmtt/m/n on input line 18.
LaTeX Font Info:    Overwriting symbol font `numbers' in version `bold'
(Font)                  OT1/cmss/m/n --> OT1/cmss/bx/n on input line 18.
LaTeX Font Info:    Overwriting symbol font `pureletters' in version `bold'
(Font)                  OT1/cmss/m/it --> OT1/cmss/bx/it on input line 18.
LaTeX Font Info:    Overwriting math alphabet `\mathrm' in version `bold'
(Font)                  OT1/cmss/bx/n --> OT1/cmr/bx/n on input line 18.
LaTeX Font Info:    Overwriting math alphabet `\mathbf' in version `bold'
(Font)                  OT1/cmss/bx/n --> OT1/cmss/bx/n on input line 18.
LaTeX Font Info:    Overwriting math alphabet `\mathsf' in version `bold'
(Font)                  OT1/cmss/m/n --> OT1/cmss/bx/n on input line 18.
LaTeX Font Info:    Overwriting math alphabet `\mathit' in version `bold'
(Font)                  OT1/cmss/m/it --> OT1/cmss/bx/it on input line 18.
LaTeX Font Info:    Overwriting math alphabet `\mathtt' in version `bold'
(Font)                  OT1/cmtt/m/n --> OT1/cmtt/bx/n on input line 18.

("C:\Program Files (x86)\MiKTeX 2.9\tex\latex\beamer\base\translator\dicts\tran
slator-basic-dictionary\translator-basic-dictionary-English.dict"
Dictionary: translator-basic-dictionary, Language: English 
)
("C:\Program Files (x86)\MiKTeX 2.9\tex\latex\beamer\base\translator\dicts\tran
slator-bibliography-dictionary\translator-bibliography-dictionary-English.dict"
Dictionary: translator-bibliography-dictionary, Language: English 
)
("C:\Program Files (x86)\MiKTeX 2.9\tex\latex\beamer\base\translator\dicts\tran
slator-environment-dictionary\translator-environment-dictionary-English.dict"
Dictionary: translator-environment-dictionary, Language: English 
)
("C:\Program Files (x86)\MiKTeX 2.9\tex\latex\beamer\base\translator\dicts\tran
slator-months-dictionary\translator-months-dictionary-English.dict"
Dictionary: translator-months-dictionary, Language: English 
)
("C:\Program Files (x86)\MiKTeX 2.9\tex\latex\beamer\base\translator\dicts\tran
slator-numbers-dictionary\translator-numbers-dictionary-English.dict"
Dictionary: translator-numbers-dictionary, Language: English 
)
("C:\Program Files (x86)\MiKTeX 2.9\tex\latex\beamer\base\translator\dicts\tran
slator-theorem-dictionary\translator-theorem-dictionary-English.dict"
Dictionary: translator-theorem-dictionary, Language: English 
)
Package caption Info: Begin \AtBeginDocument code.
Package caption3 Info: subfig package 1.2 or 1.3 is loaded.
LaTeX Info: Redefining \subref on input line 18.
Package caption Info: End \AtBeginDocument code.

(D:\pb404\Research\VariableRateAlgorithms\FUSION_paper\presentation\Bunch_FUSIO
N12_VRPFTrackingModels.nav)

LaTeX Font Warning: Font shape `OT1/cmss/m/n' in size <4> not available
(Font)              size <5> substituted on input line 22.

[1

{C:/Users/pb404/AppData/Local/MiKTeX/2.9/pdftex/config/pdftex.map}] [2

]
[3

] <HMM_model.pdf, id=100, 345.29pt x 279.0425pt>
File: HMM_model.pdf Graphic file (type pdf)
 <use HMM_model.pdf> [4

 <D:/pb404/Research/VariableRateAlgorithms/FUSION_paper/presentation/HMM_model.
pdf>]
<variable_rate_model.pdf, id=133, 345.29pt x 279.0425pt>
File: variable_rate_model.pdf Graphic file (type pdf)

<use variable_rate_model.pdf> [5

 <D:/pb404/Research/VariableRateAlgorithms/FUSION_paper/presentation/variable_r
ate_model.pdf>] [6

]
LaTeX Font Info:    Try loading font information for U+msa on input line 75.

("C:\Program Files (x86)\MiKTeX 2.9\tex\latex\amsfonts\umsa.fd"
File: umsa.fd 2009/06/22 v3.00 AMS symbols A
)
LaTeX Font Info:    Try loading font information for U+msb on input line 75.

("C:\Program Files (x86)\MiKTeX 2.9\tex\latex\amsfonts\umsb.fd"
File: umsb.fd 2009/06/22 v3.00 AMS symbols B
) [7

] [8

]
[9

] <D:/pb404/Research/VariableRateAlgorithms/FUSION_paper/presentation/animation
/vrpf_2.pdf> <D:/pb404/Research/VariableRateAlgorithms/FUSION_paper/presentatio
n/animation/vrpf_3.pdf> <D:/pb404/Research/VariableRateAlgorithms/FUSION_paper/
presentation/animation/vrpf_4.pdf> <D:/pb404/Research/VariableRateAlgorithms/FU
SION_paper/presentation/animation/vrpf_5.pdf> <D:/pb404/Research/VariableRateAl
gorithms/FUSION_paper/presentation/animation/vrpf_6.pdf> <D:/pb404/Research/Var
iableRateAlgorithms/FUSION_paper/presentation/animation/vrpf_7.pdf> <D:/pb404/R
esearch/VariableRateAlgorithms/FUSION_paper/presentation/animation/vrpf_8.pdf> 
<D:/pb404/Research/VariableRateAlgorithms/FUSION_paper/presentation/animation/v
rpf_9.pdf> <D:/pb404/Research/VariableRateAlgorithms/FUSION_paper/presentation/
animation/vrpf_10.pdf> <D:/pb404/Research/VariableRateAlgorithms/FUSION_paper/p
resentation/animation/vrpf_11.pdf> <D:/pb404/Research/VariableRateAlgorithms/FU
SION_paper/presentation/animation/vrpf_12.pdf> <D:/pb404/Research/VariableRateA
lgorithms/FUSION_paper/presentation/animation/vrpf_13.pdf> <D:/pb404/Research/V
ariableRateAlgorithms/FUSION_paper/presentation/animation/vrpf_14.pdf> <D:/pb40
4/Research/VariableRateAlgorithms/FUSION_paper/presentation/animation/vrpf_15.p
df> <D:/pb404/Research/VariableRateAlgorithms/FUSION_paper/presentation/animati
on/vrpf_16.pdf> <D:/pb404/Research/VariableRateAlgorithms/FUSION_paper/presenta
tion/animation/vrpf_17.pdf> <D:/pb404/Research/VariableRateAlgorithms/FUSION_pa
per/presentation/animation/vrpf_18.pdf> <D:/pb404/Research/VariableRateAlgorith
ms/FUSION_paper/presentation/animation/vrpf_19.pdf> <D:/pb404/Research/Variable
RateAlgorithms/FUSION_paper/presentation/animation/vrpf_20.pdf> <D:/pb404/Resea
rch/VariableRateAlgorithms/FUSION_paper/presentation/animation/vrpf_21.pdf> <D:
/pb404/Research/VariableRateAlgorithms/FUSION_paper/presentation/animation/vrpf
_22.pdf> <D:/pb404/Research/VariableRateAlgorithms/FUSION_paper/presentation/an
imation/vrpf_23.pdf> <D:/pb404/Research/VariableRateAlgorithms/FUSION_paper/pre
sentation/animation/vrpf_24.pdf> <D:/pb404/Research/VariableRateAlgorithms/FUSI
ON_paper/presentation/animation/vrpf_25.pdf> <D:/pb404/Research/VariableRateAlg
orithms/FUSION_paper/presentation/animation/vrpf_26.pdf> <D:/pb404/Research/Var
iableRateAlgorithms/FUSION_paper/presentation/animation/vrpf_27.pdf> <D:/pb404/
Research/VariableRateAlgorithms/FUSION_paper/presentation/animation/vrpf_28.pdf
> <D:/pb404/Research/VariableRateAlgorithms/FUSION_paper/presentation/animation
/vrpf_29.pdf> <D:/pb404/Research/VariableRateAlgorithms/FUSION_paper/presentati
on/animation/vrpf_30.pdf> <D:/pb404/Research/VariableRateAlgorithms/FUSION_pape
r/presentation/animation/vrpf_31.pdf> <D:/pb404/Research/VariableRateAlgorithms
/FUSION_paper/presentation/animation/vrpf_32.pdf> <D:/pb404/Research/VariableRa
teAlgorithms/FUSION_paper/presentation/animation/vrpf_33.pdf> <D:/pb404/Researc
h/VariableRateAlgorithms/FUSION_paper/presentation/animation/vrpf_34.pdf> <D:/p
b404/Research/VariableRateAlgorithms/FUSION_paper/presentation/animation/vrpf_3
5.pdf> <D:/pb404/Research/VariableRateAlgorithms/FUSION_paper/presentation/anim
ation/vrpf_36.pdf> <D:/pb404/Research/VariableRateAlgorithms/FUSION_paper/prese
ntation/animation/vrpf_37.pdf> <D:/pb404/Research/VariableRateAlgorithms/FUSION
_paper/presentation/animation/vrpf_38.pdf> <D:/pb404/Research/VariableRateAlgor
ithms/FUSION_paper/presentation/animation/vrpf_39.pdf> <D:/pb404/Research/Varia
bleRateAlgorithms/FUSION_paper/presentation/animation/vrpf_40.pdf> <D:/pb404/Re
search/VariableRateAlgorithms/FUSION_paper/presentation/animation/vrpf_41.pdf> 
<D:/pb404/Research/VariableRateAlgorithms/FUSION_paper/presentation/animation/v
rpf_42.pdf> <D:/pb404/Research/VariableRateAlgorithms/FUSION_paper/presentation
/animation/vrpf_43.pdf> <D:/pb404/Research/VariableRateAlgorithms/FUSION_paper/
presentation/animation/vrpf_44.pdf> <D:/pb404/Research/VariableRateAlgorithms/F
USION_paper/presentation/animation/vrpf_45.pdf> <D:/pb404/Research/VariableRate
Algorithms/FUSION_paper/presentation/animation/vrpf_46.pdf> <D:/pb404/Research/
VariableRateAlgorithms/FUSION_paper/presentation/animation/vrpf_47.pdf> <D:/pb4
04/Research/VariableRateAlgorithms/FUSION_paper/presentation/animation/vrpf_48.
pdf> <D:/pb404/Research/VariableRateAlgorithms/FUSION_paper/presentation/animat
ion/vrpf_49.pdf> <D:/pb404/Research/VariableRateAlgorithms/FUSION_paper/present
ation/animation/vrpf_50.pdf> <D:/pb404/Research/VariableRateAlgorithms/FUSION_p
aper/presentation/animation/vrpf_51.pdf> <D:/pb404/Research/VariableRateAlgorit
hms/FUSION_paper/presentation/animation/vrpf_52.pdf> <D:/pb404/Research/Variabl
eRateAlgorithms/FUSION_paper/presentation/animation/vrpf_53.pdf> <D:/pb404/Rese
arch/VariableRateAlgorithms/FUSION_paper/presentation/animation/vrpf_54.pdf> <D
:/pb404/Research/VariableRateAlgorithms/FUSION_paper/presentation/animation/vrp
f_55.pdf> <D:/pb404/Research/VariableRateAlgorithms/FUSION_paper/presentation/a
nimation/vrpf_56.pdf> <D:/pb404/Research/VariableRateAlgorithms/FUSION_paper/pr
esentation/animation/vrpf_57.pdf> <D:/pb404/Research/VariableRateAlgorithms/FUS
ION_paper/presentation/animation/vrpf_58.pdf> <D:/pb404/Research/VariableRateAl
gorithms/FUSION_paper/presentation/animation/vrpf_59.pdf> <D:/pb404/Research/Va
riableRateAlgorithms/FUSION_paper/presentation/animation/vrpf_60.pdf> <D:/pb404
/Research/VariableRateAlgorithms/FUSION_paper/presentation/animation/vrpf_61.pd
f> <D:/pb404/Research/VariableRateAlgorithms/FUSION_paper/presentation/animatio
n/vrpf_62.pdf> <D:/pb404/Research/VariableRateAlgorithms/FUSION_paper/presentat
ion/animation/vrpf_63.pdf> <D:/pb404/Research/VariableRateAlgorithms/FUSION_pap
er/presentation/animation/vrpf_64.pdf> <D:/pb404/Research/VariableRateAlgorithm
s/FUSION_paper/presentation/animation/vrpf_65.pdf> <D:/pb404/Research/VariableR
ateAlgorithms/FUSION_paper/presentation/animation/vrpf_66.pdf> <D:/pb404/Resear
ch/VariableRateAlgorithms/FUSION_paper/presentation/animation/vrpf_67.pdf> <D:/
pb404/Research/VariableRateAlgorithms/FUSION_paper/presentation/animation/vrpf_
68.pdf> <D:/pb404/Research/VariableRateAlgorithms/FUSION_paper/presentation/ani
mation/vrpf_69.pdf> <D:/pb404/Research/VariableRateAlgorithms/FUSION_paper/pres
entation/animation/vrpf_70.pdf> <D:/pb404/Research/VariableRateAlgorithms/FUSIO
N_paper/presentation/animation/vrpf_71.pdf> <D:/pb404/Research/VariableRateAlgo
rithms/FUSION_paper/presentation/animation/vrpf_72.pdf> <D:/pb404/Research/Vari
ableRateAlgorithms/FUSION_paper/presentation/animation/vrpf_73.pdf> <D:/pb404/R
esearch/VariableRateAlgorithms/FUSION_paper/presentation/animation/vrpf_74.pdf>
 <D:/pb404/Research/VariableRateAlgorithms/FUSION_paper/presentation/animation/
vrpf_75.pdf> <D:/pb404/Research/VariableRateAlgorithms/FUSION_paper/presentatio
n/animation/vrpf_76.pdf> <D:/pb404/Research/VariableRateAlgorithms/FUSION_paper
/presentation/animation/vrpf_77.pdf> <D:/pb404/Research/VariableRateAlgorithms/
FUSION_paper/presentation/animation/vrpf_78.pdf> <D:/pb404/Research/VariableRat
eAlgorithms/FUSION_paper/presentation/animation/vrpf_79.pdf> <D:/pb404/Research
/VariableRateAlgorithms/FUSION_paper/presentation/animation/vrpf_80.pdf> <D:/pb
404/Research/VariableRateAlgorithms/FUSION_paper/presentation/animation/vrpf_81
.pdf> <D:/pb404/Research/VariableRateAlgorithms/FUSION_paper/presentation/anima
tion/vrpf_82.pdf> <D:/pb404/Research/VariableRateAlgorithms/FUSION_paper/presen
tation/animation/vrpf_83.pdf> <D:/pb404/Research/VariableRateAlgorithms/FUSION_
paper/presentation/animation/vrpf_84.pdf> <D:/pb404/Research/VariableRateAlgori
thms/FUSION_paper/presentation/animation/vrpf_85.pdf> <D:/pb404/Research/Variab
leRateAlgorithms/FUSION_paper/presentation/animation/vrpf_86.pdf> <D:/pb404/Res
earch/VariableRateAlgorithms/FUSION_paper/presentation/animation/vrpf_87.pdf> <
D:/pb404/Research/VariableRateAlgorithms/FUSION_paper/presentation/animation/vr
pf_88.pdf> <D:/pb404/Research/VariableRateAlgorithms/FUSION_paper/presentation/
animation/vrpf_89.pdf> <D:/pb404/Research/VariableRateAlgorithms/FUSION_paper/p
resentation/animation/vrpf_90.pdf> <D:/pb404/Research/VariableRateAlgorithms/FU
SION_paper/presentation/animation/vrpf_91.pdf> <D:/pb404/Research/VariableRateA
lgorithms/FUSION_paper/presentation/animation/vrpf_92.pdf> <D:/pb404/Research/V
ariableRateAlgorithms/FUSION_paper/presentation/animation/vrpf_93.pdf> <D:/pb40
4/Research/VariableRateAlgorithms/FUSION_paper/presentation/animation/vrpf_94.p
df> <D:/pb404/Research/VariableRateAlgorithms/FUSION_paper/presentation/animati
on/vrpf_95.pdf> <D:/pb404/Research/VariableRateAlgorithms/FUSION_paper/presenta
tion/animation/vrpf_96.pdf> <D:/pb404/Research/VariableRateAlgorithms/FUSION_pa
per/presentation/animation/vrpf_97.pdf> <D:/pb404/Research/VariableRateAlgorith
ms/FUSION_paper/presentation/animation/vrpf_98.pdf> <D:/pb404/Research/Variable
RateAlgorithms/FUSION_paper/presentation/animation/vrpf_99.pdf> <D:/pb404/Resea
rch/VariableRateAlgorithms/FUSION_paper/presentation/animation/vrpf_100.pdf> <D
:/pb404/Research/VariableRateAlgorithms/FUSION_paper/presentation/animation/vrp
f_101.pdf> <D:/pb404/Research/VariableRateAlgorithms/FUSION_paper/presentation/
animation/vrpf_102.pdf> <D:/pb404/Research/VariableRateAlgorithms/FUSION_paper/
presentation/animation/vrpf_103.pdf> <D:/pb404/Research/VariableRateAlgorithms/
FUSION_paper/presentation/animation/vrpf_104.pdf> <D:/pb404/Research/VariableRa
teAlgorithms/FUSION_paper/presentation/animation/vrpf_105.pdf> <D:/pb404/Resear
ch/VariableRateAlgorithms/FUSION_paper/presentation/animation/vrpf_106.pdf> <D:
/pb404/Research/VariableRateAlgorithms/FUSION_paper/presentation/animation/vrpf
_107.pdf> <D:/pb404/Research/VariableRateAlgorithms/FUSION_paper/presentation/a
nimation/vrpf_108.pdf> <D:/pb404/Research/VariableRateAlgorithms/FUSION_paper/p
resentation/animation/vrpf_109.pdf> <D:/pb404/Research/VariableRateAlgorithms/F
USION_paper/presentation/animation/vrpf_110.pdf> <D:/pb404/Research/VariableRat
eAlgorithms/FUSION_paper/presentation/animation/vrpf_111.pdf> <D:/pb404/Researc
h/VariableRateAlgorithms/FUSION_paper/presentation/animation/vrpf_112.pdf> <D:/
pb404/Research/VariableRateAlgorithms/FUSION_paper/presentation/animation/vrpf_
113.pdf> <D:/pb404/Research/VariableRateAlgorithms/FUSION_paper/presentation/an
imation/vrpf_114.pdf> <D:/pb404/Research/VariableRateAlgorithms/FUSION_paper/pr
esentation/animation/vrpf_115.pdf> <D:/pb404/Research/VariableRateAlgorithms/FU
SION_paper/presentation/animation/vrpf_116.pdf> <D:/pb404/Research/VariableRate
Algorithms/FUSION_paper/presentation/animation/vrpf_117.pdf> <D:/pb404/Research
/VariableRateAlgorithms/FUSION_paper/presentation/animation/vrpf_118.pdf> <D:/p
b404/Research/VariableRateAlgorithms/FUSION_paper/presentation/animation/vrpf_1
19.pdf> <D:/pb404/Research/VariableRateAlgorithms/FUSION_paper/presentation/ani
mation/vrpf_120.pdf> <D:/pb404/Research/VariableRateAlgorithms/FUSION_paper/pre
sentation/animation/vrpf_121.pdf> <D:/pb404/Research/VariableRateAlgorithms/FUS
ION_paper/presentation/animation/vrpf_122.pdf> <D:/pb404/Research/VariableRateA
lgorithms/FUSION_paper/presentation/animation/vrpf_123.pdf> <D:/pb404/Research/
VariableRateAlgorithms/FUSION_paper/presentation/animation/vrpf_124.pdf> <D:/pb
404/Research/VariableRateAlgorithms/FUSION_paper/presentation/animation/vrpf_12
5.pdf> <D:/pb404/Research/VariableRateAlgorithms/FUSION_paper/presentation/anim
ation/vrpf_126.pdf> <D:/pb404/Research/VariableRateAlgorithms/FUSION_paper/pres
entation/animation/vrpf_127.pdf> <D:/pb404/Research/VariableRateAlgorithms/FUSI
ON_paper/presentation/animation/vrpf_128.pdf> <D:/pb404/Research/VariableRateAl
gorithms/FUSION_paper/presentation/animation/vrpf_129.pdf> <D:/pb404/Research/V
ariableRateAlgorithms/FUSION_paper/presentation/animation/vrpf_130.pdf> <D:/pb4
04/Research/VariableRateAlgorithms/FUSION_paper/presentation/animation/vrpf_131
.pdf> <D:/pb404/Research/VariableRateAlgorithms/FUSION_paper/presentation/anima
tion/vrpf_132.pdf> <D:/pb404/Research/VariableRateAlgorithms/FUSION_paper/prese
ntation/animation/vrpf_133.pdf> <D:/pb404/Research/VariableRateAlgorithms/FUSIO
N_paper/presentation/animation/vrpf_134.pdf> <D:/pb404/Research/VariableRateAlg
orithms/FUSION_paper/presentation/animation/vrpf_135.pdf> <D:/pb404/Research/Va
riableRateAlgorithms/FUSION_paper/presentation/animation/vrpf_136.pdf> <D:/pb40
4/Research/VariableRateAlgorithms/FUSION_paper/presentation/animation/vrpf_137.
pdf> <D:/pb404/Research/VariableRateAlgorithms/FUSION_paper/presentation/animat
ion/vrpf_138.pdf> <D:/pb404/Research/VariableRateAlgorithms/FUSION_paper/presen
tation/animation/vrpf_139.pdf> <D:/pb404/Research/VariableRateAlgorithms/FUSION
_paper/presentation/animation/vrpf_140.pdf> <D:/pb404/Research/VariableRateAlgo
rithms/FUSION_paper/presentation/animation/vrpf_141.pdf> <D:/pb404/Research/Var
iableRateAlgorithms/FUSION_paper/presentation/animation/vrpf_142.pdf> <D:/pb404
/Research/VariableRateAlgorithms/FUSION_paper/presentation/animation/vrpf_143.p
df> <D:/pb404/Research/VariableRateAlgorithms/FUSION_paper/presentation/animati
on/vrpf_144.pdf> <D:/pb404/Research/VariableRateAlgorithms/FUSION_paper/present
ation/animation/vrpf_145.pdf> <D:/pb404/Research/VariableRateAlgorithms/FUSION_
paper/presentation/animation/vrpf_146.pdf> <D:/pb404/Research/VariableRateAlgor
ithms/FUSION_paper/presentation/animation/vrpf_147.pdf> <D:/pb404/Research/Vari
ableRateAlgorithms/FUSION_paper/presentation/animation/vrpf_148.pdf> <D:/pb404/
Research/VariableRateAlgorithms/FUSION_paper/presentation/animation/vrpf_149.pd
f> <D:/pb404/Research/VariableRateAlgorithms/FUSION_paper/presentation/animatio
n/vrpf_150.pdf> <D:/pb404/Research/VariableRateAlgorithms/FUSION_paper/presenta
tion/animation/vrpf_151.pdf> <D:/pb404/Research/VariableRateAlgorithms/FUSION_p
aper/presentation/animation/vrpf_152.pdf> <D:/pb404/Research/VariableRateAlgori
thms/FUSION_paper/presentation/animation/vrpf_153.pdf> <D:/pb404/Research/Varia
bleRateAlgorithms/FUSION_paper/presentation/animation/vrpf_154.pdf> <D:/pb404/R
esearch/VariableRateAlgorithms/FUSION_paper/presentation/animation/vrpf_155.pdf
> <D:/pb404/Research/VariableRateAlgorithms/FUSION_paper/presentation/animation
/vrpf_156.pdf> <D:/pb404/Research/VariableRateAlgorithms/FUSION_paper/presentat
ion/animation/vrpf_157.pdf> <D:/pb404/Research/VariableRateAlgorithms/FUSION_pa
per/presentation/animation/vrpf_158.pdf> <D:/pb404/Research/VariableRateAlgorit
hms/FUSION_paper/presentation/animation/vrpf_159.pdf> <D:/pb404/Research/Variab
leRateAlgorithms/FUSION_paper/presentation/animation/vrpf_160.pdf> <D:/pb404/Re
search/VariableRateAlgorithms/FUSION_paper/presentation/animation/vrpf_161.pdf>
 <D:/pb404/Research/VariableRateAlgorithms/FUSION_paper/presentation/animation/
vrpf_162.pdf> <D:/pb404/Research/VariableRateAlgorithms/FUSION_paper/presentati
on/animation/vrpf_163.pdf> <D:/pb404/Research/VariableRateAlgorithms/FUSION_pap
er/presentation/animation/vrpf_164.pdf> <D:/pb404/Research/VariableRateAlgorith
ms/FUSION_paper/presentation/animation/vrpf_165.pdf> <D:/pb404/Research/Variabl
eRateAlgorithms/FUSION_paper/presentation/animation/vrpf_166.pdf> <D:/pb404/Res
earch/VariableRateAlgorithms/FUSION_paper/presentation/animation/vrpf_167.pdf> 
<D:/pb404/Research/VariableRateAlgorithms/FUSION_paper/presentation/animation/v
rpf_168.pdf> <D:/pb404/Research/VariableRateAlgorithms/FUSION_paper/presentatio
n/animation/vrpf_169.pdf> <D:/pb404/Research/VariableRateAlgorithms/FUSION_pape
r/presentation/animation/vrpf_170.pdf> <D:/pb404/Research/VariableRateAlgorithm
s/FUSION_paper/presentation/animation/vrpf_171.pdf> <D:/pb404/Research/Variable
RateAlgorithms/FUSION_paper/presentation/animation/vrpf_172.pdf> <D:/pb404/Rese
arch/VariableRateAlgorithms/FUSION_paper/presentation/animation/vrpf_173.pdf> <
D:/pb404/Research/VariableRateAlgorithms/FUSION_paper/presentation/animation/vr
pf_174.pdf> <D:/pb404/Research/VariableRateAlgorithms/FUSION_paper/presentation
/animation/vrpf_175.pdf> <D:/pb404/Research/VariableRateAlgorithms/FUSION_paper
/presentation/animation/vrpf_176.pdf> <D:/pb404/Research/VariableRateAlgorithms
/FUSION_paper/presentation/animation/vrpf_177.pdf> <D:/pb404/Research/VariableR
ateAlgorithms/FUSION_paper/presentation/animation/vrpf_178.pdf> <D:/pb404/Resea
rch/VariableRateAlgorithms/FUSION_paper/presentation/animation/vrpf_179.pdf> <D
:/pb404/Research/VariableRateAlgorithms/FUSION_paper/presentation/animation/vrp
f_180.pdf> <D:/pb404/Research/VariableRateAlgorithms/FUSION_paper/presentation/
animation/vrpf_181.pdf> <D:/pb404/Research/VariableRateAlgorithms/FUSION_paper/
presentation/animation/vrpf_182.pdf> <D:/pb404/Research/VariableRateAlgorithms/
FUSION_paper/presentation/animation/vrpf_183.pdf> <D:/pb404/Research/VariableRa
teAlgorithms/FUSION_paper/presentation/animation/vrpf_184.pdf> <D:/pb404/Resear
ch/VariableRateAlgorithms/FUSION_paper/presentation/animation/vrpf_185.pdf> <D:
/pb404/Research/VariableRateAlgorithms/FUSION_paper/presentation/animation/vrpf
_186.pdf> <D:/pb404/Research/VariableRateAlgorithms/FUSION_paper/presentation/a
nimation/vrpf_187.pdf> <D:/pb404/Research/VariableRateAlgorithms/FUSION_paper/p
resentation/animation/vrpf_188.pdf> <D:/pb404/Research/VariableRateAlgorithms/F
USION_paper/presentation/animation/vrpf_189.pdf> <D:/pb404/Research/VariableRat
eAlgorithms/FUSION_paper/presentation/animation/vrpf_190.pdf> <D:/pb404/Researc
h/VariableRateAlgorithms/FUSION_paper/presentation/animation/vrpf_191.pdf> <D:/
pb404/Research/VariableRateAlgorithms/FUSION_paper/presentation/animation/vrpf_
192.pdf> <D:/pb404/Research/VariableRateAlgorithms/FUSION_paper/presentation/an
imation/vrpf_193.pdf> <D:/pb404/Research/VariableRateAlgorithms/FUSION_paper/pr
esentation/animation/vrpf_194.pdf> <D:/pb404/Research/VariableRateAlgorithms/FU
SION_paper/presentation/animation/vrpf_195.pdf> <D:/pb404/Research/VariableRate
Algorithms/FUSION_paper/presentation/animation/vrpf_196.pdf> <D:/pb404/Research
/VariableRateAlgorithms/FUSION_paper/presentation/animation/vrpf_197.pdf> <D:/p
b404/Research/VariableRateAlgorithms/FUSION_paper/presentation/animation/vrpf_1
98.pdf> <D:/pb404/Research/VariableRateAlgorithms/FUSION_paper/presentation/ani
mation/vrpf_199.pdf> <D:/pb404/Research/VariableRateAlgorithms/FUSION_paper/pre
sentation/animation/vrpf_200.pdf> <D:/pb404/Research/VariableRateAlgorithms/FUS
ION_paper/presentation/animation/vrpf_201.pdf> <D:/pb404/Research/VariableRateA
lgorithms/FUSION_paper/presentation/animation/vrpf_202.pdf> <D:/pb404/Research/
VariableRateAlgorithms/FUSION_paper/presentation/animation/vrpf_203.pdf> <D:/pb
404/Research/VariableRateAlgorithms/FUSION_paper/presentation/animation/vrpf_20
4.pdf> <D:/pb404/Research/VariableRateAlgorithms/FUSION_paper/presentation/anim
ation/vrpf_205.pdf> <D:/pb404/Research/VariableRateAlgorithms/FUSION_paper/pres
entation/animation/vrpf_206.pdf> <D:/pb404/Research/VariableRateAlgorithms/FUSI
ON_paper/presentation/animation/vrpf_207.pdf> <D:/pb404/Research/VariableRateAl
gorithms/FUSION_paper/presentation/animation/vrpf_208.pdf> <D:/pb404/Research/V
ariableRateAlgorithms/FUSION_paper/presentation/animation/vrpf_209.pdf> <D:/pb4
04/Research/VariableRateAlgorithms/FUSION_paper/presentation/animation/vrpf_210
.pdf> <D:/pb404/Research/VariableRateAlgorithms/FUSION_paper/presentation/anima
tion/vrpf_211.pdf> <D:/pb404/Research/VariableRateAlgorithms/FUSION_paper/prese
ntation/animation/vrpf_212.pdf> <D:/pb404/Research/VariableRateAlgorithms/FUSIO
N_paper/presentation/animation/vrpf_213.pdf> <D:/pb404/Research/VariableRateAlg
orithms/FUSION_paper/presentation/animation/vrpf_214.pdf> <D:/pb404/Research/Va
riableRateAlgorithms/FUSION_paper/presentation/animation/vrpf_215.pdf> <D:/pb40
4/Research/VariableRateAlgorithms/FUSION_paper/presentation/animation/vrpf_216.
pdf> <D:/pb404/Research/VariableRateAlgorithms/FUSION_paper/presentation/animat
ion/vrpf_217.pdf> <D:/pb404/Research/VariableRateAlgorithms/FUSION_paper/presen
tation/animation/vrpf_218.pdf> <D:/pb404/Research/VariableRateAlgorithms/FUSION
_paper/presentation/animation/vrpf_219.pdf> <D:/pb404/Research/VariableRateAlgo
rithms/FUSION_paper/presentation/animation/vrpf_220.pdf> <D:/pb404/Research/Var
iableRateAlgorithms/FUSION_paper/presentation/animation/vrpf_221.pdf> <D:/pb404
/Research/VariableRateAlgorithms/FUSION_paper/presentation/animation/vrpf_222.p
df> <D:/pb404/Research/VariableRateAlgorithms/FUSION_paper/presentation/animati
on/vrpf_223.pdf> <D:/pb404/Research/VariableRateAlgorithms/FUSION_paper/present
ation/animation/vrpf_224.pdf> <D:/pb404/Research/VariableRateAlgorithms/FUSION_
paper/presentation/animation/vrpf_225.pdf> <D:/pb404/Research/VariableRateAlgor
ithms/FUSION_paper/presentation/animation/vrpf_226.pdf> <D:/pb404/Research/Vari
ableRateAlgorithms/FUSION_paper/presentation/animation/vrpf_227.pdf> <D:/pb404/
Research/VariableRateAlgorithms/FUSION_paper/presentation/animation/vrpf_228.pd
f> <D:/pb404/Research/VariableRateAlgorithms/FUSION_paper/presentation/animatio
n/vrpf_229.pdf> <D:/pb404/Research/VariableRateAlgorithms/FUSION_paper/presenta
tion/animation/vrpf_230.pdf> <D:/pb404/Research/VariableRateAlgorithms/FUSION_p
aper/presentation/animation/vrpf_231.pdf> <D:/pb404/Research/VariableRateAlgori
thms/FUSION_paper/presentation/animation/vrpf_232.pdf> <D:/pb404/Research/Varia
bleRateAlgorithms/FUSION_paper/presentation/animation/vrpf_233.pdf> <D:/pb404/R
esearch/VariableRateAlgorithms/FUSION_paper/presentation/animation/vrpf_234.pdf
> <D:/pb404/Research/VariableRateAlgorithms/FUSION_paper/presentation/animation
/vrpf_235.pdf> <D:/pb404/Research/VariableRateAlgorithms/FUSION_paper/presentat
ion/animation/vrpf_236.pdf> <D:/pb404/Research/VariableRateAlgorithms/FUSION_pa
per/presentation/animation/vrpf_237.pdf> <D:/pb404/Research/VariableRateAlgorit
hms/FUSION_paper/presentation/animation/vrpf_238.pdf> <D:/pb404/Research/Variab
leRateAlgorithms/FUSION_paper/presentation/animation/vrpf_239.pdf> <D:/pb404/Re
search/VariableRateAlgorithms/FUSION_paper/presentation/animation/vrpf_240.pdf>
 <D:/pb404/Research/VariableRateAlgorithms/FUSION_paper/presentation/animation/
vrpf_241.pdf> <D:/pb404/Research/VariableRateAlgorithms/FUSION_paper/presentati
on/animation/vrpf_242.pdf> <D:/pb404/Research/VariableRateAlgorithms/FUSION_pap
er/presentation/animation/vrpf_243.pdf> <D:/pb404/Research/VariableRateAlgorith
ms/FUSION_paper/presentation/animation/vrpf_244.pdf> <D:/pb404/Research/Variabl
eRateAlgorithms/FUSION_paper/presentation/animation/vrpf_245.pdf> <D:/pb404/Res
earch/VariableRateAlgorithms/FUSION_paper/presentation/animation/vrpf_246.pdf> 
<D:/pb404/Research/VariableRateAlgorithms/FUSION_paper/presentation/animation/v
rpf_247.pdf> <D:/pb404/Research/VariableRateAlgorithms/FUSION_paper/presentatio
n/animation/vrpf_248.pdf> <D:/pb404/Research/VariableRateAlgorithms/FUSION_pape
r/presentation/animation/vrpf_249.pdf> <D:/pb404/Research/VariableRateAlgorithm
s/FUSION_paper/presentation/animation/vrpf_250.pdf> <D:/pb404/Research/Variable
RateAlgorithms/FUSION_paper/presentation/animation/vrpf_251.pdf> <D:/pb404/Rese
arch/VariableRateAlgorithms/FUSION_paper/presentation/animation/vrpf_252.pdf> <
D:/pb404/Research/VariableRateAlgorithms/FUSION_paper/presentation/animation/vr
pf_253.pdf> <D:/pb404/Research/VariableRateAlgorithms/FUSION_paper/presentation
/animation/vrpf_254.pdf> <D:/pb404/Research/VariableRateAlgorithms/FUSION_paper
/presentation/animation/vrpf_255.pdf> <D:/pb404/Research/VariableRateAlgorithms
/FUSION_paper/presentation/animation/vrpf_256.pdf> <D:/pb404/Research/VariableR
ateAlgorithms/FUSION_paper/presentation/animation/vrpf_257.pdf> <D:/pb404/Resea
rch/VariableRateAlgorithms/FUSION_paper/presentation/animation/vrpf_258.pdf> <D
:/pb404/Research/VariableRateAlgorithms/FUSION_paper/presentation/animation/vrp
f_259.pdf> <D:/pb404/Research/VariableRateAlgorithms/FUSION_paper/presentation/
animation/vrpf_260.pdf> <D:/pb404/Research/VariableRateAlgorithms/FUSION_paper/
presentation/animation/vrpf_261.pdf> <D:/pb404/Research/VariableRateAlgorithms/
FUSION_paper/presentation/animation/vrpf_262.pdf> <D:/pb404/Research/VariableRa
teAlgorithms/FUSION_paper/presentation/animation/vrpf_263.pdf> <D:/pb404/Resear
ch/VariableRateAlgorithms/FUSION_paper/presentation/animation/vrpf_264.pdf> <D:
/pb404/Research/VariableRateAlgorithms/FUSION_paper/presentation/animation/vrpf
_265.pdf> <D:/pb404/Research/VariableRateAlgorithms/FUSION_paper/presentation/a
nimation/vrpf_266.pdf> <D:/pb404/Research/VariableRateAlgorithms/FUSION_paper/p
resentation/animation/vrpf_267.pdf> <D:/pb404/Research/VariableRateAlgorithms/F
USION_paper/presentation/animation/vrpf_268.pdf> <D:/pb404/Research/VariableRat
eAlgorithms/FUSION_paper/presentation/animation/vrpf_269.pdf> <D:/pb404/Researc
h/VariableRateAlgorithms/FUSION_paper/presentation/animation/vrpf_270.pdf> <D:/
pb404/Research/VariableRateAlgorithms/FUSION_paper/presentation/animation/vrpf_
271.pdf> <D:/pb404/Research/VariableRateAlgorithms/FUSION_paper/presentation/an
imation/vrpf_272.pdf> <D:/pb404/Research/VariableRateAlgorithms/FUSION_paper/pr
esentation/animation/vrpf_273.pdf> <D:/pb404/Research/VariableRateAlgorithms/FU
SION_paper/presentation/animation/vrpf_274.pdf> <D:/pb404/Research/VariableRate
Algorithms/FUSION_paper/presentation/animation/vrpf_275.pdf> <D:/pb404/Research
/VariableRateAlgorithms/FUSION_paper/presentation/animation/vrpf_276.pdf> <D:/p
b404/Research/VariableRateAlgorithms/FUSION_paper/presentation/animation/vrpf_2
77.pdf> <D:/pb404/Research/VariableRateAlgorithms/FUSION_paper/presentation/ani
mation/vrpf_278.pdf> <D:/pb404/Research/VariableRateAlgorithms/FUSION_paper/pre
sentation/animation/vrpf_279.pdf> <D:/pb404/Research/VariableRateAlgorithms/FUS
ION_paper/presentation/animation/vrpf_280.pdf> <D:/pb404/Research/VariableRateA
lgorithms/FUSION_paper/presentation/animation/vrpf_281.pdf> <D:/pb404/Research/
VariableRateAlgorithms/FUSION_paper/presentation/animation/vrpf_282.pdf> <D:/pb
404/Research/VariableRateAlgorithms/FUSION_paper/presentation/animation/vrpf_28
3.pdf> <D:/pb404/Research/VariableRateAlgorithms/FUSION_paper/presentation/anim
ation/vrpf_284.pdf> <D:/pb404/Research/VariableRateAlgorithms/FUSION_paper/pres
entation/animation/vrpf_285.pdf> <D:/pb404/Research/VariableRateAlgorithms/FUSI
ON_paper/presentation/animation/vrpf_286.pdf> <D:/pb404/Research/VariableRateAl
gorithms/FUSION_paper/presentation/animation/vrpf_287.pdf> <D:/pb404/Research/V
ariableRateAlgorithms/FUSION_paper/presentation/animation/vrpf_288.pdf> <D:/pb4
04/Research/VariableRateAlgorithms/FUSION_paper/presentation/animation/vrpf_289
.pdf> <D:/pb404/Research/VariableRateAlgorithms/FUSION_paper/presentation/anima
tion/vrpf_290.pdf> <D:/pb404/Research/VariableRateAlgorithms/FUSION_paper/prese
ntation/animation/vrpf_291.pdf> <D:/pb404/Research/VariableRateAlgorithms/FUSIO
N_paper/presentation/animation/vrpf_292.pdf> <D:/pb404/Research/VariableRateAlg
orithms/FUSION_paper/presentation/animation/vrpf_293.pdf> <D:/pb404/Research/Va
riableRateAlgorithms/FUSION_paper/presentation/animation/vrpf_294.pdf> <D:/pb40
4/Research/VariableRateAlgorithms/FUSION_paper/presentation/animation/vrpf_295.
pdf> <D:/pb404/Research/VariableRateAlgorithms/FUSION_paper/presentation/animat
ion/vrpf_296.pdf> <D:/pb404/Research/VariableRateAlgorithms/FUSION_paper/presen
tation/animation/vrpf_297.pdf> <D:/pb404/Research/VariableRateAlgorithms/FUSION
_paper/presentation/animation/vrpf_298.pdf> <D:/pb404/Research/VariableRateAlgo
rithms/FUSION_paper/presentation/animation/vrpf_299.pdf> <D:/pb404/Research/Var
iableRateAlgorithms/FUSION_paper/presentation/animation/vrpf_300.pdf> <D:/pb404
/Research/VariableRateAlgorithms/FUSION_paper/presentation/animation/vrpf_301.p
df> <D:/pb404/Research/VariableRateAlgorithms/FUSION_paper/presentation/animati
on/vrpf_302.pdf> <D:/pb404/Research/VariableRateAlgorithms/FUSION_paper/present
ation/animation/vrpf_303.pdf> <D:/pb404/Research/VariableRateAlgorithms/FUSION_
paper/presentation/animation/vrpf_304.pdf> <D:/pb404/Research/VariableRateAlgor
ithms/FUSION_paper/presentation/animation/vrpf_305.pdf> <D:/pb404/Research/Vari
ableRateAlgorithms/FUSION_paper/presentation/animation/vrpf_306.pdf> <D:/pb404/
Research/VariableRateAlgorithms/FUSION_paper/presentation/animation/vrpf_307.pd
f> <D:/pb404/Research/VariableRateAlgorithms/FUSION_paper/presentation/animatio
n/vrpf_308.pdf> <D:/pb404/Research/VariableRateAlgorithms/FUSION_paper/presenta
tion/animation/vrpf_309.pdf> <D:/pb404/Research/VariableRateAlgorithms/FUSION_p
aper/presentation/animation/vrpf_310.pdf> <D:/pb404/Research/VariableRateAlgori
thms/FUSION_paper/presentation/animation/vrpf_311.pdf> <D:/pb404/Research/Varia
bleRateAlgorithms/FUSION_paper/presentation/animation/vrpf_312.pdf> <D:/pb404/R
esearch/VariableRateAlgorithms/FUSION_paper/presentation/animation/vrpf_313.pdf
> <D:/pb404/Research/VariableRateAlgorithms/FUSION_paper/presentation/animation
/vrpf_314.pdf> <D:/pb404/Research/VariableRateAlgorithms/FUSION_paper/presentat
ion/animation/vrpf_315.pdf> <D:/pb404/Research/VariableRateAlgorithms/FUSION_pa
per/presentation/animation/vrpf_316.pdf> <D:/pb404/Research/VariableRateAlgorit
hms/FUSION_paper/presentation/animation/vrpf_317.pdf> <D:/pb404/Research/Variab
leRateAlgorithms/FUSION_paper/presentation/animation/vrpf_318.pdf> <D:/pb404/Re
search/VariableRateAlgorithms/FUSION_paper/presentation/animation/vrpf_319.pdf>
 <D:/pb404/Research/VariableRateAlgorithms/FUSION_paper/presentation/animation/
vrpf_320.pdf> <D:/pb404/Research/VariableRateAlgorithms/FUSION_paper/presentati
on/animation/vrpf_321.pdf> <D:/pb404/Research/VariableRateAlgorithms/FUSION_pap
er/presentation/animation/vrpf_322.pdf> <D:/pb404/Research/VariableRateAlgorith
ms/FUSION_paper/presentation/animation/vrpf_323.pdf> <D:/pb404/Research/Variabl
eRateAlgorithms/FUSION_paper/presentation/animation/vrpf_324.pdf> <D:/pb404/Res
earch/VariableRateAlgorithms/FUSION_paper/presentation/animation/vrpf_325.pdf> 
<D:/pb404/Research/VariableRateAlgorithms/FUSION_paper/presentation/animation/v
rpf_326.pdf> <D:/pb404/Research/VariableRateAlgorithms/FUSION_paper/presentatio
n/animation/vrpf_327.pdf> <D:/pb404/Research/VariableRateAlgorithms/FUSION_pape
r/presentation/animation/vrpf_328.pdf> <D:/pb404/Research/VariableRateAlgorithm
s/FUSION_paper/presentation/animation/vrpf_329.pdf> <D:/pb404/Research/Variable
RateAlgorithms/FUSION_paper/presentation/animation/vrpf_330.pdf> <D:/pb404/Rese
arch/VariableRateAlgorithms/FUSION_paper/presentation/animation/vrpf_331.pdf> <
D:/pb404/Research/VariableRateAlgorithms/FUSION_paper/presentation/animation/vr
pf_332.pdf> <D:/pb404/Research/VariableRateAlgorithms/FUSION_paper/presentation
/animation/vrpf_333.pdf> <D:/pb404/Research/VariableRateAlgorithms/FUSION_paper
/presentation/animation/vrpf_334.pdf> <D:/pb404/Research/VariableRateAlgorithms
/FUSION_paper/presentation/animation/vrpf_335.pdf> <D:/pb404/Research/VariableR
ateAlgorithms/FUSION_paper/presentation/animation/vrpf_336.pdf> <D:/pb404/Resea
rch/VariableRateAlgorithms/FUSION_paper/presentation/animation/vrpf_337.pdf> <D
:/pb404/Research/VariableRateAlgorithms/FUSION_paper/presentation/animation/vrp
f_338.pdf> <D:/pb404/Research/VariableRateAlgorithms/FUSION_paper/presentation/
animation/vrpf_339.pdf> <D:/pb404/Research/VariableRateAlgorithms/FUSION_paper/
presentation/animation/vrpf_340.pdf> <D:/pb404/Research/VariableRateAlgorithms/
FUSION_paper/presentation/animation/vrpf_341.pdf> <D:/pb404/Research/VariableRa
teAlgorithms/FUSION_paper/presentation/animation/vrpf_342.pdf> <D:/pb404/Resear
ch/VariableRateAlgorithms/FUSION_paper/presentation/animation/vrpf_343.pdf> <D:
/pb404/Research/VariableRateAlgorithms/FUSION_paper/presentation/animation/vrpf
_344.pdf> <D:/pb404/Research/VariableRateAlgorithms/FUSION_paper/presentation/a
nimation/vrpf_345.pdf> <D:/pb404/Research/VariableRateAlgorithms/FUSION_paper/p
resentation/animation/vrpf_346.pdf> <D:/pb404/Research/VariableRateAlgorithms/F
USION_paper/presentation/animation/vrpf_347.pdf> <D:/pb404/Research/VariableRat
eAlgorithms/FUSION_paper/presentation/animation/vrpf_348.pdf> <D:/pb404/Researc
h/VariableRateAlgorithms/FUSION_paper/presentation/animation/vrpf_349.pdf> <D:/
pb404/Research/VariableRateAlgorithms/FUSION_paper/presentation/animation/vrpf_
350.pdf> <D:/pb404/Research/VariableRateAlgorithms/FUSION_paper/presentation/an
imation/vrpf_351.pdf> <D:/pb404/Research/VariableRateAlgorithms/FUSION_paper/pr
esentation/animation/vrpf_352.pdf> <D:/pb404/Research/VariableRateAlgorithms/FU
SION_paper/presentation/animation/vrpf_353.pdf> <D:/pb404/Research/VariableRate
Algorithms/FUSION_paper/presentation/animation/vrpf_354.pdf> <D:/pb404/Research
/VariableRateAlgorithms/FUSION_paper/presentation/animation/vrpf_355.pdf> <D:/p
b404/Research/VariableRateAlgorithms/FUSION_paper/presentation/animation/vrpf_3
56.pdf> <D:/pb404/Research/VariableRateAlgorithms/FUSION_paper/presentation/ani
mation/vrpf_357.pdf> <D:/pb404/Research/VariableRateAlgorithms/FUSION_paper/pre
sentation/animation/vrpf_358.pdf> <D:/pb404/Research/VariableRateAlgorithms/FUS
ION_paper/presentation/animation/vrpf_359.pdf> <D:/pb404/Research/VariableRateA
lgorithms/FUSION_paper/presentation/animation/vrpf_360.pdf> <D:/pb404/Research/
VariableRateAlgorithms/FUSION_paper/presentation/animation/vrpf_361.pdf> <D:/pb
404/Research/VariableRateAlgorithms/FUSION_paper/presentation/animation/vrpf_36
2.pdf> <D:/pb404/Research/VariableRateAlgorithms/FUSION_paper/presentation/anim
ation/vrpf_363.pdf> <D:/pb404/Research/VariableRateAlgorithms/FUSION_paper/pres
entation/animation/vrpf_364.pdf> <D:/pb404/Research/VariableRateAlgorithms/FUSI
ON_paper/presentation/animation/vrpf_365.pdf> <D:/pb404/Research/VariableRateAl
gorithms/FUSION_paper/presentation/animation/vrpf_366.pdf> <D:/pb404/Research/V
ariableRateAlgorithms/FUSION_paper/presentation/animation/vrpf_367.pdf> <D:/pb4
04/Research/VariableRateAlgorithms/FUSION_paper/presentation/animation/vrpf_368
.pdf> <D:/pb404/Research/VariableRateAlgorithms/FUSION_paper/presentation/anima
tion/vrpf_369.pdf> <D:/pb404/Research/VariableRateAlgorithms/FUSION_paper/prese
ntation/animation/vrpf_370.pdf> <D:/pb404/Research/VariableRateAlgorithms/FUSIO
N_paper/presentation/animation/vrpf_371.pdf> <D:/pb404/Research/VariableRateAlg
orithms/FUSION_paper/presentation/animation/vrpf_372.pdf> <D:/pb404/Research/Va
riableRateAlgorithms/FUSION_paper/presentation/animation/vrpf_373.pdf> <D:/pb40
4/Research/VariableRateAlgorithms/FUSION_paper/presentation/animation/vrpf_374.
pdf> <D:/pb404/Research/VariableRateAlgorithms/FUSION_paper/presentation/animat
ion/vrpf_375.pdf> <D:/pb404/Research/VariableRateAlgorithms/FUSION_paper/presen
tation/animation/vrpf_376.pdf> <D:/pb404/Research/VariableRateAlgorithms/FUSION
_paper/presentation/animation/vrpf_377.pdf> <D:/pb404/Research/VariableRateAlgo
rithms/FUSION_paper/presentation/animation/vrpf_378.pdf> <D:/pb404/Research/Var
iableRateAlgorithms/FUSION_paper/presentation/animation/vrpf_379.pdf> <D:/pb404
/Research/VariableRateAlgorithms/FUSION_paper/presentation/animation/vrpf_380.p
df> <D:/pb404/Research/VariableRateAlgorithms/FUSION_paper/presentation/animati
on/vrpf_381.pdf> <D:/pb404/Research/VariableRateAlgorithms/FUSION_paper/present
ation/animation/vrpf_382.pdf> <D:/pb404/Research/VariableRateAlgorithms/FUSION_
paper/presentation/animation/vrpf_383.pdf> <D:/pb404/Research/VariableRateAlgor
ithms/FUSION_paper/presentation/animation/vrpf_384.pdf> <D:/pb404/Research/Vari
ableRateAlgorithms/FUSION_paper/presentation/animation/vrpf_385.pdf> <D:/pb404/
Research/VariableRateAlgorithms/FUSION_paper/presentation/animation/vrpf_386.pd
f> <D:/pb404/Research/VariableRateAlgorithms/FUSION_paper/presentation/animatio
n/vrpf_387.pdf> <D:/pb404/Research/VariableRateAlgorithms/FUSION_paper/presenta
tion/animation/vrpf_388.pdf> <D:/pb404/Research/VariableRateAlgorithms/FUSION_p
aper/presentation/animation/vrpf_389.pdf> <D:/pb404/Research/VariableRateAlgori
thms/FUSION_paper/presentation/animation/vrpf_390.pdf> <D:/pb404/Research/Varia
bleRateAlgorithms/FUSION_paper/presentation/animation/vrpf_391.pdf> <D:/pb404/R
esearch/VariableRateAlgorithms/FUSION_paper/presentation/animation/vrpf_392.pdf
> <D:/pb404/Research/VariableRateAlgorithms/FUSION_paper/presentation/animation
/vrpf_393.pdf> <D:/pb404/Research/VariableRateAlgorithms/FUSION_paper/presentat
ion/animation/vrpf_394.pdf> <D:/pb404/Research/VariableRateAlgorithms/FUSION_pa
per/presentation/animation/vrpf_395.pdf> <D:/pb404/Research/VariableRateAlgorit
hms/FUSION_paper/presentation/animation/vrpf_396.pdf> <D:/pb404/Research/Variab
leRateAlgorithms/FUSION_paper/presentation/animation/vrpf_397.pdf> <D:/pb404/Re
search/VariableRateAlgorithms/FUSION_paper/presentation/animation/vrpf_398.pdf>
 <D:/pb404/Research/VariableRateAlgorithms/FUSION_paper/presentation/animation/
vrpf_399.pdf> <D:/pb404/Research/VariableRateAlgorithms/FUSION_paper/presentati
on/animation/vrpf_400.pdf> <D:/pb404/Research/VariableRateAlgorithms/FUSION_pap
er/presentation/animation/vrpf_401.pdf> <D:/pb404/Research/VariableRateAlgorith
ms/FUSION_paper/presentation/animation/vrpf_402.pdf> <D:/pb404/Research/Variabl
eRateAlgorithms/FUSION_paper/presentation/animation/vrpf_403.pdf> <D:/pb404/Res
earch/VariableRateAlgorithms/FUSION_paper/presentation/animation/vrpf_404.pdf> 
<D:/pb404/Research/VariableRateAlgorithms/FUSION_paper/presentation/animation/v
rpf_405.pdf> <D:/pb404/Research/VariableRateAlgorithms/FUSION_paper/presentatio
n/animation/vrpf_406.pdf> <D:/pb404/Research/VariableRateAlgorithms/FUSION_pape
r/presentation/animation/vrpf_407.pdf> <D:/pb404/Research/VariableRateAlgorithm
s/FUSION_paper/presentation/animation/vrpf_408.pdf> <D:/pb404/Research/Variable
RateAlgorithms/FUSION_paper/presentation/animation/vrpf_409.pdf> <D:/pb404/Rese
arch/VariableRateAlgorithms/FUSION_paper/presentation/animation/vrpf_410.pdf> <
D:/pb404/Research/VariableRateAlgorithms/FUSION_paper/presentation/animation/vr
pf_411.pdf> <D:/pb404/Research/VariableRateAlgorithms/FUSION_paper/presentation
/animation/vrpf_412.pdf> <D:/pb404/Research/VariableRateAlgorithms/FUSION_paper
/presentation/animation/vrpf_413.pdf> <D:/pb404/Research/VariableRateAlgorithms
/FUSION_paper/presentation/animation/vrpf_414.pdf> <D:/pb404/Research/VariableR
ateAlgorithms/FUSION_paper/presentation/animation/vrpf_415.pdf> <D:/pb404/Resea
rch/VariableRateAlgorithms/FUSION_paper/presentation/animation/vrpf_416.pdf> <D
:/pb404/Research/VariableRateAlgorithms/FUSION_paper/presentation/animation/vrp
f_417.pdf> <D:/pb404/Research/VariableRateAlgorithms/FUSION_paper/presentation/
animation/vrpf_418.pdf> <D:/pb404/Research/VariableRateAlgorithms/FUSION_paper/
presentation/animation/vrpf_419.pdf> <D:/pb404/Research/VariableRateAlgorithms/
FUSION_paper/presentation/animation/vrpf_420.pdf> <D:/pb404/Research/VariableRa
teAlgorithms/FUSION_paper/presentation/animation/vrpf_421.pdf> <D:/pb404/Resear
ch/VariableRateAlgorithms/FUSION_paper/presentation/animation/vrpf_422.pdf> <D:
/pb404/Research/VariableRateAlgorithms/FUSION_paper/presentation/animation/vrpf
_423.pdf> <D:/pb404/Research/VariableRateAlgorithms/FUSION_paper/presentation/a
nimation/vrpf_424.pdf> <D:/pb404/Research/VariableRateAlgorithms/FUSION_paper/p
resentation/animation/vrpf_425.pdf> <D:/pb404/Research/VariableRateAlgorithms/F
USION_paper/presentation/animation/vrpf_426.pdf> <D:/pb404/Research/VariableRat
eAlgorithms/FUSION_paper/presentation/animation/vrpf_427.pdf> <D:/pb404/Researc
h/VariableRateAlgorithms/FUSION_paper/presentation/animation/vrpf_428.pdf> <D:/
pb404/Research/VariableRateAlgorithms/FUSION_paper/presentation/animation/vrpf_
429.pdf> <D:/pb404/Research/VariableRateAlgorithms/FUSION_paper/presentation/an
imation/vrpf_430.pdf> <D:/pb404/Research/VariableRateAlgorithms/FUSION_paper/pr
esentation/animation/vrpf_431.pdf> <D:/pb404/Research/VariableRateAlgorithms/FU
SION_paper/presentation/animation/vrpf_432.pdf> <D:/pb404/Research/VariableRate
Algorithms/FUSION_paper/presentation/animation/vrpf_433.pdf> <D:/pb404/Research
/VariableRateAlgorithms/FUSION_paper/presentation/animation/vrpf_434.pdf> <D:/p
b404/Research/VariableRateAlgorithms/FUSION_paper/presentation/animation/vrpf_4
35.pdf> <D:/pb404/Research/VariableRateAlgorithms/FUSION_paper/presentation/ani
mation/vrpf_436.pdf> <D:/pb404/Research/VariableRateAlgorithms/FUSION_paper/pre
sentation/animation/vrpf_437.pdf> <D:/pb404/Research/VariableRateAlgorithms/FUS
ION_paper/presentation/animation/vrpf_438.pdf> <D:/pb404/Research/VariableRateA
lgorithms/FUSION_paper/presentation/animation/vrpf_439.pdf> <D:/pb404/Research/
VariableRateAlgorithms/FUSION_paper/presentation/animation/vrpf_440.pdf> <D:/pb
404/Research/VariableRateAlgorithms/FUSION_paper/presentation/animation/vrpf_44
1.pdf> <D:/pb404/Research/VariableRateAlgorithms/FUSION_paper/presentation/anim
ation/vrpf_442.pdf> <D:/pb404/Research/VariableRateAlgorithms/FUSION_paper/pres
entation/animation/vrpf_443.pdf> <D:/pb404/Research/VariableRateAlgorithms/FUSI
ON_paper/presentation/animation/vrpf_444.pdf> <D:/pb404/Research/VariableRateAl
gorithms/FUSION_paper/presentation/animation/vrpf_445.pdf> <D:/pb404/Research/V
ariableRateAlgorithms/FUSION_paper/presentation/animation/vrpf_446.pdf> <D:/pb4
04/Research/VariableRateAlgorithms/FUSION_paper/presentation/animation/vrpf_447
.pdf> <D:/pb404/Research/VariableRateAlgorithms/FUSION_paper/presentation/anima
tion/vrpf_448.pdf> <D:/pb404/Research/VariableRateAlgorithms/FUSION_paper/prese
ntation/animation/vrpf_449.pdf> <D:/pb404/Research/VariableRateAlgorithms/FUSIO
N_paper/presentation/animation/vrpf_450.pdf> <D:/pb404/Research/VariableRateAlg
orithms/FUSION_paper/presentation/animation/vrpf_451.pdf> <D:/pb404/Research/Va
riableRateAlgorithms/FUSION_paper/presentation/animation/vrpf_452.pdf> <D:/pb40
4/Research/VariableRateAlgorithms/FUSION_paper/presentation/animation/vrpf_453.
pdf> <D:/pb404/Research/VariableRateAlgorithms/FUSION_paper/presentation/animat
ion/vrpf_454.pdf> <D:/pb404/Research/VariableRateAlgorithms/FUSION_paper/presen
tation/animation/vrpf_455.pdf> <D:/pb404/Research/VariableRateAlgorithms/FUSION
_paper/presentation/animation/vrpf_456.pdf> <D:/pb404/Research/VariableRateAlgo
rithms/FUSION_paper/presentation/animation/vrpf_457.pdf> <D:/pb404/Research/Var
iableRateAlgorithms/FUSION_paper/presentation/animation/vrpf_458.pdf> <D:/pb404
/Research/VariableRateAlgorithms/FUSION_paper/presentation/animation/vrpf_459.p
df> <D:/pb404/Research/VariableRateAlgorithms/FUSION_paper/presentation/animati
on/vrpf_460.pdf> <D:/pb404/Research/VariableRateAlgorithms/FUSION_paper/present
ation/animation/vrpf_461.pdf> <D:/pb404/Research/VariableRateAlgorithms/FUSION_
paper/presentation/animation/vrpf_462.pdf> <D:/pb404/Research/VariableRateAlgor
ithms/FUSION_paper/presentation/animation/vrpf_463.pdf> <D:/pb404/Research/Vari
ableRateAlgorithms/FUSION_paper/presentation/animation/vrpf_464.pdf> <D:/pb404/
Research/VariableRateAlgorithms/FUSION_paper/presentation/animation/vrpf_465.pd
f> <D:/pb404/Research/VariableRateAlgorithms/FUSION_paper/presentation/animatio
n/vrpf_466.pdf> <D:/pb404/Research/VariableRateAlgorithms/FUSION_paper/presenta
tion/animation/vrpf_467.pdf> <D:/pb404/Research/VariableRateAlgorithms/FUSION_p
aper/presentation/animation/vrpf_468.pdf> <D:/pb404/Research/VariableRateAlgori
thms/FUSION_paper/presentation/animation/vrpf_469.pdf> <D:/pb404/Research/Varia
bleRateAlgorithms/FUSION_paper/presentation/animation/vrpf_470.pdf> <D:/pb404/R
esearch/VariableRateAlgorithms/FUSION_paper/presentation/animation/vrpf_471.pdf
> <D:/pb404/Research/VariableRateAlgorithms/FUSION_paper/presentation/animation
/vrpf_472.pdf> <D:/pb404/Research/VariableRateAlgorithms/FUSION_paper/presentat
ion/animation/vrpf_473.pdf> <D:/pb404/Research/VariableRateAlgorithms/FUSION_pa
per/presentation/animation/vrpf_474.pdf> <D:/pb404/Research/VariableRateAlgorit
hms/FUSION_paper/presentation/animation/vrpf_475.pdf> <D:/pb404/Research/Variab
leRateAlgorithms/FUSION_paper/presentation/animation/vrpf_476.pdf> <D:/pb404/Re
search/VariableRateAlgorithms/FUSION_paper/presentation/animation/vrpf_477.pdf>
 <D:/pb404/Research/VariableRateAlgorithms/FUSION_paper/presentation/animation/
vrpf_478.pdf> <D:/pb404/Research/VariableRateAlgorithms/FUSION_paper/presentati
on/animation/vrpf_479.pdf> <D:/pb404/Research/VariableRateAlgorithms/FUSION_pap
er/presentation/animation/vrpf_480.pdf> <D:/pb404/Research/VariableRateAlgorith
ms/FUSION_paper/presentation/animation/vrpf_481.pdf> <D:/pb404/Research/Variabl
eRateAlgorithms/FUSION_paper/presentation/animation/vrpf_482.pdf> <D:/pb404/Res
earch/VariableRateAlgorithms/FUSION_paper/presentation/animation/vrpf_483.pdf> 
<D:/pb404/Research/VariableRateAlgorithms/FUSION_paper/presentation/animation/v
rpf_484.pdf> <D:/pb404/Research/VariableRateAlgorithms/FUSION_paper/presentatio
n/animation/vrpf_485.pdf> <D:/pb404/Research/VariableRateAlgorithms/FUSION_pape
r/presentation/animation/vrpf_486.pdf> <D:/pb404/Research/VariableRateAlgorithm
s/FUSION_paper/presentation/animation/vrpf_487.pdf> <D:/pb404/Research/Variable
RateAlgorithms/FUSION_paper/presentation/animation/vrpf_488.pdf> <D:/pb404/Rese
arch/VariableRateAlgorithms/FUSION_paper/presentation/animation/vrpf_489.pdf> <
D:/pb404/Research/VariableRateAlgorithms/FUSION_paper/presentation/animation/vr
pf_490.pdf> <D:/pb404/Research/VariableRateAlgorithms/FUSION_paper/presentation
/animation/vrpf_491.pdf> <D:/pb404/Research/VariableRateAlgorithms/FUSION_paper
/presentation/animation/vrpf_492.pdf> <D:/pb404/Research/VariableRateAlgorithms
/FUSION_paper/presentation/animation/vrpf_493.pdf> <D:/pb404/Research/VariableR
ateAlgorithms/FUSION_paper/presentation/animation/vrpf_494.pdf> <D:/pb404/Resea
rch/VariableRateAlgorithms/FUSION_paper/presentation/animation/vrpf_495.pdf> <D
:/pb404/Research/VariableRateAlgorithms/FUSION_paper/presentation/animation/vrp
f_496.pdf> <D:/pb404/Research/VariableRateAlgorithms/FUSION_paper/presentation/
animation/vrpf_497.pdf> <D:/pb404/Research/VariableRateAlgorithms/FUSION_paper/
presentation/animation/vrpf_498.pdf> <D:/pb404/Research/VariableRateAlgorithms/
FUSION_paper/presentation/animation/vrpf_499.pdf> <D:/pb404/Research/VariableRa
teAlgorithms/FUSION_paper/presentation/animation/vrpf_500.pdf> [10

] [11

]
[12

] [13

] [14

] [15

] [16

] [17

]
<full_rank.pdf, id=6478, 367.3725pt x 295.1025pt>
File: full_rank.pdf Graphic file (type pdf)
 <use full_rank.pdf>
<deficient.pdf, id=6479, 367.3725pt x 295.1025pt>
File: deficient.pdf Graphic file (type pdf)
 <use deficient.pdf> [18

 <D:/pb404/Research/VariableRateAlgorithms/FUSION_paper/presentation/full_rank.
pdf> <D:/pb404/Research/VariableRateAlgorithms/FUSION_paper/presentation/defici
ent.pdf>] [19

] [20

] <2Dfilter_big.pdf, id=6570, 368.37625pt x 287.0725pt>
File: 2Dfilter_big.pdf Graphic file (type pdf)

<use 2Dfilter_big.pdf> <2Dsmoother_big.pdf, id=6571, 368.37625pt x 287.0725pt>
File: 2Dsmoother_big.pdf Graphic file (type pdf)

<use 2Dsmoother_big.pdf> [21

 <D:/pb404/Research/VariableRateAlgorithms/FUSION_paper/presentation/2Dfilter_b
ig.pdf> <D:/pb404/Research/VariableRateAlgorithms/FUSION_paper/presentation/2Ds
moother_big.pdf>] [22

] [23

] [24

]
<3DCartesian_big.pdf, id=6706, 402.50375pt x 283.0575pt>
File: 3DCartesian_big.pdf Graphic file (type pdf)

<use 3DCartesian_big.pdf>
<3DIntrinsic_big.pdf, id=6707, 402.50375pt x 283.0575pt>
File: 3DIntrinsic_big.pdf Graphic file (type pdf)

<use 3DIntrinsic_big.pdf> [25

 <D:/pb404/Research/VariableRateAlgorithms/FUSION_paper/presentation/3DCartesia
n_big.pdf> <D:/pb404/Research/VariableRateAlgorithms/FUSION_paper/presentation/
3DIntrinsic_big.pdf>] [26

] [27

]
\tf@nav=\write6
\tf@toc=\write7
\tf@snm=\write8
Package atveryend Info: Empty hook `BeforeClearDocument' on input line 226.
Package atveryend Info: Empty hook `AfterLastShipout' on input line 226.

(D:\pb404\Research\VariableRateAlgorithms\FUSION_paper\presentation\Bunch_FUSIO
N12_VRPFTrackingModels.aux)
Package atveryend Info: Executing hook `AtVeryEndDocument' on input line 226.
Package rerunfilecheck Info: File `Bunch_FUSION12_VRPFTrackingModels.out' has n
ot changed.
(rerunfilecheck)             Checksum: D41D8CD98F00B204E9800998ECF8427E;0.


LaTeX Font Warning: Size substitutions with differences
(Font)              up to 1.0pt have occurred.

 ) 
Here is how much of TeX's memory you used:
 19783 strings out of 494019
 366564 string characters out of 3143883
 481281 words of memory out of 3000000
 22065 multiletter control sequences out of 15000+200000
 14644 words of font info for 54 fonts, out of 3000000 for 9000
 714 hyphenation exceptions out of 8191
 49i,16n,57p,505b,562s stack positions out of 5000i,500n,10000p,200000b,50000s
<C:/Program Files (x86)/MiKTeX 2.9/fonts/type1/public/amsfonts/cm/cmex10.pfb>
<C:/Program Files (x86)/MiKTeX 2.9/fonts/type1/public/amsfonts/cmextra/cmex7.pf
b><C:/Program Files (x86)/MiKTeX 2.9/fonts/type1/public/amsfonts/cm/cmmi10.pfb>
<C:/Program Files (x86)/MiKTeX 2.9/fonts/type1/public/amsfonts/cm/cmmi5.pfb><C:
/Program Files (x86)/MiKTeX 2.9/fonts/type1/public/amsfonts/cm/cmmi6.pfb><C:/Pr
ogram Files (x86)/MiKTeX 2.9/fonts/type1/public/amsfonts/cm/cmmi8.pfb><C:/Progr
am Files (x86)/MiKTeX 2.9/fonts/type1/public/amsfonts/cm/cmr7.pfb><C:/Program F
iles (x86)/MiKTeX 2.9/fonts/type1/public/amsfonts/cm/cmss10.pfb><C:/Program Fil
es (x86)/MiKTeX 2.9/fonts/type1/public/amsfonts/cm/cmss12.pfb><C:/Program Files
 (x86)/MiKTeX 2.9/fonts/type1/public/amsfonts/cm/cmss8.pfb><C:/Program Files (x
86)/MiKTeX 2.9/fonts/type1/public/amsfonts/cm/cmss9.pfb><C:/Program Files (x86)
/MiKTeX 2.9/fonts/type1/public/amsfonts/cm/cmssbx10.pfb><C:/Program Files (x86)
/MiKTeX 2.9/fonts/type1/public/amsfonts/cm/cmssi10.pfb><C:/Program Files (x86)/
MiKTeX 2.9/fonts/type1/public/amsfonts/cm/cmssi8.pfb><C:/Program Files (x86)/Mi
KTeX 2.9/fonts/type1/public/amsfonts/cm/cmssi9.pfb><C:/Program Files (x86)/MiKT
eX 2.9/fonts/type1/public/amsfonts/cm/cmsy10.pfb><C:/Program Files (x86)/MiKTeX
 2.9/fonts/type1/public/amsfonts/cm/cmsy6.pfb><C:/Program Files (x86)/MiKTeX 2.
9/fonts/type1/public/amsfonts/cm/cmsy8.pfb>
Output written on Bunch_FUSION12_VRPFTrackingModels.pdf (27 pages, 16495634 byt
es).
PDF statistics:
 6864 PDF objects out of 7423 (max. 8388607)
 56 named destinations out of 1000 (max. 500000)
 8578 words of extra memory for PDF output out of 10000 (max. 10000000)

